{"meta": {"format": 3, "version": "7.13.0", "timestamp": "2025-12-14T17:23:43.515606", "branch_coverage": false, "show_contexts": true}, "files": {"src/domain/__init__.py": {"executed_lines": [1], "summary": {"covered_lines": 0, "num_statements": 0, "percent_covered": 100.0, "percent_covered_display": "100.00", "missing_lines": 0, "excluded_lines": 0, "percent_statements_covered": 100.0, "percent_statements_covered_display": "100.00"}, "missing_lines": [], "excluded_lines": [], "contexts": {"1": [""]}, "functions": {"": {"executed_lines": [1], "summary": {"covered_lines": 0, "num_statements": 0, "percent_covered": 100.0, "percent_covered_display": "100.00", "missing_lines": 0, "excluded_lines": 0, "percent_statements_covered": 100.0, "percent_statements_covered_display": "100.00"}, "missing_lines": [], "excluded_lines": [], "contexts": {"1": [""]}}}, "classes": {"": {"executed_lines": [1], "summary": {"covered_lines": 0, "num_statements": 0, "percent_covered": 100.0, "percent_covered_display": "100.00", "missing_lines": 0, "excluded_lines": 0, "percent_statements_covered": 100.0, "percent_statements_covered_display": "100.00"}, "missing_lines": [], "excluded_lines": [], "contexts": {"1": [""]}}}}, "src/domain/calculation.py": {"executed_lines": [1, 2, 3, 4, 5, 6, 8, 11, 12, 13, 15, 16, 17, 18, 20, 22, 23, 24, 25, 26, 27, 28, 29, 32, 33, 36, 48, 58, 61, 63, 65, 66, 69, 70, 71, 72, 74, 76, 83, 84, 86, 87, 88, 89, 91, 92, 93, 95, 97, 98, 100, 102, 105, 106, 108, 112, 113, 115, 116, 117, 119, 121, 122, 123, 125, 126, 127, 129, 130, 132, 134, 135, 136, 138, 142, 143, 144, 146, 148, 149, 150, 151, 152, 153, 154, 155, 159, 160, 162, 164, 174, 178, 180, 182, 183, 184, 186, 193, 196, 197, 198, 200, 203, 204, 212, 213, 214, 216, 218, 219, 222, 223, 225, 226, 229, 231, 233, 235, 237, 240, 241, 243, 250, 253, 254, 255, 256, 257, 259, 264, 267, 270, 271, 274, 275, 278, 279, 281, 282, 284, 285, 288, 292, 293, 295, 296, 297, 299, 301, 306, 307, 308, 309, 315, 318, 320, 322, 323, 324, 332, 336, 338, 339, 340, 342], "summary": {"covered_lines": 162, "num_statements": 186, "percent_covered": 87.09677419354838, "percent_covered_display": "87.10", "missing_lines": 24, "excluded_lines": 0, "percent_statements_covered": 87.09677419354838, "percent_statements_covered_display": "87.10"}, "missing_lines": [157, 175, 176, 194, 202, 206, 207, 208, 210, 220, 221, 227, 228, 251, 260, 261, 262, 265, 268, 311, 312, 313, 333, 334], "excluded_lines": [], "contexts": {"1": [""], "2": [""], "3": [""], "4": [""], "5": [""], "6": [""], "8": [""], "11": [""], "12": [""], "13": [""], "15": [""], "16": [""], "17": [""], "18": [""], "20": [""], "22": [""], "23": [""], "24": [""], "25": [""], "26": [""], "27": [""], "28": [""], "29": [""], "32": [""], "33": [""], "36": [""], "37": [""], "38": [""], "39": [""], "40": [""], "41": [""], "42": [""], "43": [""], "44": [""], "48": [""], "49": [""], "50": [""], "51": [""], "52": [""], "53": [""], "54": [""], "55": [""], "58": [""], "61": [""], "63": [""], "65": [""], "66": [""], "69": [""], "70": [""], "71": [""], "72": [""], "74": [""], "76": [""], "78": [""], "79": [""], "80": [""], "81": [""], "83": [""], "84": [""], "86": [""], "87": [""], "88": [""], "89": [""], "91": [""], "92": [""], "93": [""], "95": [""], "97": [""], "98": [""], "100": [""], "102": [""], "105": [""], "106": [""], "108": [""], "109": [""], "110": [""], "112": [""], "113": [""], "115": [""], "116": [""], "117": [""], "119": [""], "121": [""], "122": [""], "123": [""], "125": [""], "126": [""], "127": [""], "129": [""], "130": [""], "132": [""], "134": [""], "135": [""], "136": [""], "138": [""], "139": [""], "140": [""], "142": [""], "143": [""], "144": [""], "146": [""], "148": [""], "149": [""], "150": [""], "151": [""], "152": [""], "153": [""], "154": [""], "155": [""], "159": [""], "160": [""], "162": [""], "164": [""], "165": [""], "166": [""], "167": [""], "168": [""], "169": [""], "170": [""], "171": [""], "174": [""], "178": [""], "180": [""], "182": [""], "183": [""], "184": [""], "186": [""], "188": [""], "189": [""], "190": [""], "191": [""], "193": [""], "196": [""], "197": [""], "198": [""], "200": [""], "203": [""], "204": [""], "212": [""], "213": [""], "214": [""], "216": [""], "218": [""], "219": [""], "222": [""], "223": [""], "225": [""], "226": [""], "229": [""], "231": [""], "233": [""], "235": [""], "237": [""], "240": [""], "241": [""], "243": [""], "245": [""], "246": [""], "247": [""], "248": [""], "250": [""], "253": [""], "254": [""], "255": [""], "256": [""], "257": [""], "259": [""], "264": [""], "267": [""], "270": [""], "271": [""], "274": [""], "275": [""], "278": [""], "279": [""], "281": [""], "282": [""], "284": [""], "285": [""], "288": [""], "289": [""], "290": [""], "292": [""], "293": [""], "295": [""], "296": [""], "297": [""], "299": [""], "301": [""], "302": [""], "306": [""], "307": [""], "308": [""], "309": [""], "315": [""], "318": [""], "320": [""], "322": [""], "323": [""], "324": [""], "325": [""], "326": [""], "327": [""], "328": [""], "332": [""], "336": [""], "338": [""], "339": [""], "340": [""], "342": [""]}, "functions": {"CalculationRule.__post_init__": {"executed_lines": [22, 23, 24, 25, 26, 27, 28, 29], "summary": {"covered_lines": 8, "num_statements": 8, "percent_covered": 100.0, "percent_covered_display": "100.00", "missing_lines": 0, "excluded_lines": 0, "percent_statements_covered": 100.0, "percent_statements_covered_display": "100.00"}, "missing_lines": [], "excluded_lines": [], "contexts": {"1": [""], "2": [""], "3": [""], "4": [""], "5": [""], "6": [""], "8": [""], "11": [""], "12": [""], "13": [""], "15": [""], "16": [""], "17": [""], "18": [""], "20": [""], "22": [""], "23": [""], "24": [""], "25": [""], "26": [""], "27": [""], "28": [""], "29": [""], "32": [""], "33": [""], "36": [""], "37": [""], "38": [""], "39": [""], "40": [""], "41": [""], "42": [""], "43": [""], "44": [""], "48": [""], "49": [""], "50": [""], "51": [""], "52": [""], "53": [""], "54": [""], "55": [""], "58": [""], "61": [""], "63": [""], "65": [""], "66": [""], "69": [""], "70": [""], "71": [""], "72": [""], "74": [""], "76": [""], "78": [""], "79": [""], "80": [""], "81": [""], "83": [""], "84": [""], "86": [""], "87": [""], "88": [""], "89": [""], "91": [""], "92": [""], "93": [""], "95": [""], "97": [""], "98": [""], "100": [""], "102": [""], "105": [""], "106": [""], "108": [""], "109": [""], "110": [""], "112": [""], "113": [""], "115": [""], "116": [""], "117": [""], "119": [""], "121": [""], "122": [""], "123": [""], "125": [""], "126": [""], "127": [""], "129": [""], "130": [""], "132": [""], "134": [""], "135": [""], "136": [""], "138": [""], "139": [""], "140": [""], "142": [""], "143": [""], "144": [""], "146": [""], "148": [""], "149": [""], "150": [""], "151": [""], "152": [""], "153": [""], "154": [""], "155": [""], "159": [""], "160": [""], "162": [""], "164": [""], "165": [""], "166": [""], "167": [""], "168": [""], "169": [""], "170": [""], "171": [""], "174": [""], "178": [""], "180": [""], "182": [""], "183": [""], "184": [""], "186": [""], "188": [""], "189": [""], "190": [""], "191": [""], "193": [""], "196": [""], "197": [""], "198": [""], "200": [""], "203": [""], "204": [""], "212": [""], "213": [""], "214": [""], "216": [""], "218": [""], "219": [""], "222": [""], "223": [""], "225": [""], "226": [""], "229": [""], "231": [""], "233": [""], "235": [""], "237": [""], "240": [""], "241": [""], "243": [""], "245": [""], "246": [""], "247": [""], "248": [""], "250": [""], "253": [""], "254": [""], "255": [""], "256": [""], "257": [""], "259": [""], "264": [""], "267": [""], "270": [""], "271": [""], "274": [""], "275": [""], "278": [""], "279": [""], "281": [""], "282": [""], "284": [""], "285": [""], "288": [""], "289": [""], "290": [""], "292": [""], "293": [""], "295": [""], "296": [""], "297": [""], "299": [""], "301": [""], "302": [""], "306": [""], "307": [""], "308": [""], "309": [""], "315": [""], "318": [""], "320": [""], "322": [""], "323": [""], "324": [""], "325": [""], "326": [""], "327": [""], "328": [""], "332": [""], "336": [""], "338": [""], "339": [""], "340": [""], "342": [""]}}, "CalculationEngine.__init__": {"executed_lines": [], "summary": {"covered_lines": 0, "num_statements": 0, "percent_covered": 100.0, "percent_covered_display": "100.00", "missing_lines": 0, "excluded_lines": 0, "percent_statements_covered": 100.0, "percent_statements_covered_display": "100.00"}, "missing_lines": [], "excluded_lines": [], "contexts": {"1": [""], "2": [""], "3": [""], "4": [""], "5": [""], "6": [""], "8": [""], "11": [""], "12": [""], "13": [""], "15": [""], "16": [""], "17": [""], "18": [""], "20": [""], "22": [""], "23": [""], "24": [""], "25": [""], "26": [""], "27": [""], "28": [""], "29": [""], "32": [""], "33": [""], "36": [""], "37": [""], "38": [""], "39": [""], "40": [""], "41": [""], "42": [""], "43": [""], "44": [""], "48": [""], "49": [""], "50": [""], "51": [""], "52": [""], "53": [""], "54": [""], "55": [""], "58": [""], "61": [""], "63": [""], "65": [""], "66": [""], "69": [""], "70": [""], "71": [""], "72": [""], "74": [""], "76": [""], "78": [""], "79": [""], "80": [""], "81": [""], "83": [""], "84": [""], "86": [""], "87": [""], "88": [""], "89": [""], "91": [""], "92": [""], "93": [""], "95": [""], "97": [""], "98": [""], "100": [""], "102": [""], "105": [""], "106": [""], "108": [""], "109": [""], "110": [""], "112": [""], "113": [""], "115": [""], "116": [""], "117": [""], "119": [""], "121": [""], "122": [""], "123": [""], "125": [""], "126": [""], "127": [""], "129": [""], "130": [""], "132": [""], "134": [""], "135": [""], "136": [""], "138": [""], "139": [""], "140": [""], "142": [""], "143": [""], "144": [""], "146": [""], "148": [""], "149": [""], "150": [""], "151": [""], "152": [""], "153": [""], "154": [""], "155": [""], "159": [""], "160": [""], "162": [""], "164": [""], "165": [""], "166": [""], "167": [""], "168": [""], "169": [""], "170": [""], "171": [""], "174": [""], "178": [""], "180": [""], "182": [""], "183": [""], "184": [""], "186": [""], "188": [""], "189": [""], "190": [""], "191": [""], "193": [""], "196": [""], "197": [""], "198": [""], "200": [""], "203": [""], "204": [""], "212": [""], "213": [""], "214": [""], "216": [""], "218": [""], "219": [""], "222": [""], "223": [""], "225": [""], "226": [""], "229": [""], "231": [""], "233": [""], "235": [""], "237": [""], "240": [""], "241": [""], "243": [""], "245": [""], "246": [""], "247": [""], "248": [""], "250": [""], "253": [""], "254": [""], "255": [""], "256": [""], "257": [""], "259": [""], "264": [""], "267": [""], "270": [""], "271": [""], "274": [""], "275": [""], "278": [""], "279": [""], "281": [""], "282": [""], "284": [""], "285": [""], "288": [""], "289": [""], "290": [""], "292": [""], "293": [""], "295": [""], "296": [""], "297": [""], "299": [""], "301": [""], "302": [""], "306": [""], "307": [""], "308": [""], "309": [""], "315": [""], "318": [""], "320": [""], "322": [""], "323": [""], "324": [""], "325": [""], "326": [""], "327": [""], "328": [""], "332": [""], "336": [""], "338": [""], "339": [""], "340": [""], "342": [""]}}, "CalculationEngine.validate_formula": {"executed_lines": [63, 65, 66, 69, 70, 71, 72, 74], "summary": {"covered_lines": 8, "num_statements": 8, "percent_covered": 100.0, "percent_covered_display": "100.00", "missing_lines": 0, "excluded_lines": 0, "percent_statements_covered": 100.0, "percent_statements_covered_display": "100.00"}, "missing_lines": [], "excluded_lines": [], "contexts": {"1": [""], "2": [""], "3": [""], "4": [""], "5": [""], "6": [""], "8": [""], "11": [""], "12": [""], "13": [""], "15": [""], "16": [""], "17": [""], "18": [""], "20": [""], "22": [""], "23": [""], "24": [""], "25": [""], "26": [""], "27": [""], "28": [""], "29": [""], "32": [""], "33": [""], "36": [""], "37": [""], "38": [""], "39": [""], "40": [""], "41": [""], "42": [""], "43": [""], "44": [""], "48": [""], "49": [""], "50": [""], "51": [""], "52": [""], "53": [""], "54": [""], "55": [""], "58": [""], "61": [""], "63": [""], "65": [""], "66": [""], "69": [""], "70": [""], "71": [""], "72": [""], "74": [""], "76": [""], "78": [""], "79": [""], "80": [""], "81": [""], "83": [""], "84": [""], "86": [""], "87": [""], "88": [""], "89": [""], "91": [""], "92": [""], "93": [""], "95": [""], "97": [""], "98": [""], "100": [""], "102": [""], "105": [""], "106": [""], "108": [""], "109": [""], "110": [""], "112": [""], "113": [""], "115": [""], "116": [""], "117": [""], "119": [""], "121": [""], "122": [""], "123": [""], "125": [""], "126": [""], "127": [""], "129": [""], "130": [""], "132": [""], "134": [""], "135": [""], "136": [""], "138": [""], "139": [""], "140": [""], "142": [""], "143": [""], "144": [""], "146": [""], "148": [""], "149": [""], "150": [""], "151": [""], "152": [""], "153": [""], "154": [""], "155": [""], "159": [""], "160": [""], "162": [""], "164": [""], "165": [""], "166": [""], "167": [""], "168": [""], "169": [""], "170": [""], "171": [""], "174": [""], "178": [""], "180": [""], "182": [""], "183": [""], "184": [""], "186": [""], "188": [""], "189": [""], "190": [""], "191": [""], "193": [""], "196": [""], "197": [""], "198": [""], "200": [""], "203": [""], "204": [""], "212": [""], "213": [""], "214": [""], "216": [""], "218": [""], "219": [""], "222": [""], "223": [""], "225": [""], "226": [""], "229": [""], "231": [""], "233": [""], "235": [""], "237": [""], "240": [""], "241": [""], "243": [""], "245": [""], "246": [""], "247": [""], "248": [""], "250": [""], "253": [""], "254": [""], "255": [""], "256": [""], "257": [""], "259": [""], "264": [""], "267": [""], "270": [""], "271": [""], "274": [""], "275": [""], "278": [""], "279": [""], "281": [""], "282": [""], "284": [""], "285": [""], "288": [""], "289": [""], "290": [""], "292": [""], "293": [""], "295": [""], "296": [""], "297": [""], "299": [""], "301": [""], "302": [""], "306": [""], "307": [""], "308": [""], "309": [""], "315": [""], "318": [""], "320": [""], "322": [""], "323": [""], "324": [""], "325": [""], "326": [""], "327": [""], "328": [""], "332": [""], "336": [""], "338": [""], "339": [""], "340": [""], "342": [""]}}, "CalculationEngine.apply_formula": {"executed_lines": [83, 84, 86, 87, 88, 89, 91, 92, 93], "summary": {"covered_lines": 9, "num_statements": 9, "percent_covered": 100.0, "percent_covered_display": "100.00", "missing_lines": 0, "excluded_lines": 0, "percent_statements_covered": 100.0, "percent_statements_covered_display": "100.00"}, "missing_lines": [], "excluded_lines": [], "contexts": {"1": [""], "2": [""], "3": [""], "4": [""], "5": [""], "6": [""], "8": [""], "11": [""], "12": [""], "13": [""], "15": [""], "16": [""], "17": [""], "18": [""], "20": [""], "22": [""], "23": [""], "24": [""], "25": [""], "26": [""], "27": [""], "28": [""], "29": [""], "32": [""], "33": [""], "36": [""], "37": [""], "38": [""], "39": [""], "40": [""], "41": [""], "42": [""], "43": [""], "44": [""], "48": [""], "49": [""], "50": [""], "51": [""], "52": [""], "53": [""], "54": [""], "55": [""], "58": [""], "61": [""], "63": [""], "65": [""], "66": [""], "69": [""], "70": [""], "71": [""], "72": [""], "74": [""], "76": [""], "78": [""], "79": [""], "80": [""], "81": [""], "83": [""], "84": [""], "86": [""], "87": [""], "88": [""], "89": [""], "91": [""], "92": [""], "93": [""], "95": [""], "97": [""], "98": [""], "100": [""], "102": [""], "105": [""], "106": [""], "108": [""], "109": [""], "110": [""], "112": [""], "113": [""], "115": [""], "116": [""], "117": [""], "119": [""], "121": [""], "122": [""], "123": [""], "125": [""], "126": [""], "127": [""], "129": [""], "130": [""], "132": [""], "134": [""], "135": [""], "136": [""], "138": [""], "139": [""], "140": [""], "142": [""], "143": [""], "144": [""], "146": [""], "148": [""], "149": [""], "150": [""], "151": [""], "152": [""], "153": [""], "154": [""], "155": [""], "159": [""], "160": [""], "162": [""], "164": [""], "165": [""], "166": [""], "167": [""], "168": [""], "169": [""], "170": [""], "171": [""], "174": [""], "178": [""], "180": [""], "182": [""], "183": [""], "184": [""], "186": [""], "188": [""], "189": [""], "190": [""], "191": [""], "193": [""], "196": [""], "197": [""], "198": [""], "200": [""], "203": [""], "204": [""], "212": [""], "213": [""], "214": [""], "216": [""], "218": [""], "219": [""], "222": [""], "223": [""], "225": [""], "226": [""], "229": [""], "231": [""], "233": [""], "235": [""], "237": [""], "240": [""], "241": [""], "243": [""], "245": [""], "246": [""], "247": [""], "248": [""], "250": [""], "253": [""], "254": [""], "255": [""], "256": [""], "257": [""], "259": [""], "264": [""], "267": [""], "270": [""], "271": [""], "274": [""], "275": [""], "278": [""], "279": [""], "281": [""], "282": [""], "284": [""], "285": [""], "288": [""], "289": [""], "290": [""], "292": [""], "293": [""], "295": [""], "296": [""], "297": [""], "299": [""], "301": [""], "302": [""], "306": [""], "307": [""], "308": [""], "309": [""], "315": [""], "318": [""], "320": [""], "322": [""], "323": [""], "324": [""], "325": [""], "326": [""], "327": [""], "328": [""], "332": [""], "336": [""], "338": [""], "339": [""], "340": [""], "342": [""]}}, "CalculationEngine.is_aggregation_formula": {"executed_lines": [97, 98, 100], "summary": {"covered_lines": 3, "num_statements": 3, "percent_covered": 100.0, "percent_covered_display": "100.00", "missing_lines": 0, "excluded_lines": 0, "percent_statements_covered": 100.0, "percent_statements_covered_display": "100.00"}, "missing_lines": [], "excluded_lines": [], "contexts": {"1": [""], "2": [""], "3": [""], "4": [""], "5": [""], "6": [""], "8": [""], "11": [""], "12": [""], "13": [""], "15": [""], "16": [""], "17": [""], "18": [""], "20": [""], "22": [""], "23": [""], "24": [""], "25": [""], "26": [""], "27": [""], "28": [""], "29": [""], "32": [""], "33": [""], "36": [""], "37": [""], "38": [""], "39": [""], "40": [""], "41": [""], "42": [""], "43": [""], "44": [""], "48": [""], "49": [""], "50": [""], "51": [""], "52": [""], "53": [""], "54": [""], "55": [""], "58": [""], "61": [""], "63": [""], "65": [""], "66": [""], "69": [""], "70": [""], "71": [""], "72": [""], "74": [""], "76": [""], "78": [""], "79": [""], "80": [""], "81": [""], "83": [""], "84": [""], "86": [""], "87": [""], "88": [""], "89": [""], "91": [""], "92": [""], "93": [""], "95": [""], "97": [""], "98": [""], "100": [""], "102": [""], "105": [""], "106": [""], "108": [""], "109": [""], "110": [""], "112": [""], "113": [""], "115": [""], "116": [""], "117": [""], "119": [""], "121": [""], "122": [""], "123": [""], "125": [""], "126": [""], "127": [""], "129": [""], "130": [""], "132": [""], "134": [""], "135": [""], "136": [""], "138": [""], "139": [""], "140": [""], "142": [""], "143": [""], "144": [""], "146": [""], "148": [""], "149": [""], "150": [""], "151": [""], "152": [""], "153": [""], "154": [""], "155": [""], "159": [""], "160": [""], "162": [""], "164": [""], "165": [""], "166": [""], "167": [""], "168": [""], "169": [""], "170": [""], "171": [""], "174": [""], "178": [""], "180": [""], "182": [""], "183": [""], "184": [""], "186": [""], "188": [""], "189": [""], "190": [""], "191": [""], "193": [""], "196": [""], "197": [""], "198": [""], "200": [""], "203": [""], "204": [""], "212": [""], "213": [""], "214": [""], "216": [""], "218": [""], "219": [""], "222": [""], "223": [""], "225": [""], "226": [""], "229": [""], "231": [""], "233": [""], "235": [""], "237": [""], "240": [""], "241": [""], "243": [""], "245": [""], "246": [""], "247": [""], "248": [""], "250": [""], "253": [""], "254": [""], "255": [""], "256": [""], "257": [""], "259": [""], "264": [""], "267": [""], "270": [""], "271": [""], "274": [""], "275": [""], "278": [""], "279": [""], "281": [""], "282": [""], "284": [""], "285": [""], "288": [""], "289": [""], "290": [""], "292": [""], "293": [""], "295": [""], "296": [""], "297": [""], "299": [""], "301": [""], "302": [""], "306": [""], "307": [""], "308": [""], "309": [""], "315": [""], "318": [""], "320": [""], "322": [""], "323": [""], "324": [""], "325": [""], "326": [""], "327": [""], "328": [""], "332": [""], "336": [""], "338": [""], "339": [""], "340": [""], "342": [""]}}, "CalculationEngine._validate_aggregation_formula": {"executed_lines": [105, 106], "summary": {"covered_lines": 2, "num_statements": 2, "percent_covered": 100.0, "percent_covered_display": "100.00", "missing_lines": 0, "excluded_lines": 0, "percent_statements_covered": 100.0, "percent_statements_covered_display": "100.00"}, "missing_lines": [], "excluded_lines": [], "contexts": {"1": [""], "2": [""], "3": [""], "4": [""], "5": [""], "6": [""], "8": [""], "11": [""], "12": [""], "13": [""], "15": [""], "16": [""], "17": [""], "18": [""], "20": [""], "22": [""], "23": [""], "24": [""], "25": [""], "26": [""], "27": [""], "28": [""], "29": [""], "32": [""], "33": [""], "36": [""], "37": [""], "38": [""], "39": [""], "40": [""], "41": [""], "42": [""], "43": [""], "44": [""], "48": [""], "49": [""], "50": [""], "51": [""], "52": [""], "53": [""], "54": [""], "55": [""], "58": [""], "61": [""], "63": [""], "65": [""], "66": [""], "69": [""], "70": [""], "71": [""], "72": [""], "74": [""], "76": [""], "78": [""], "79": [""], "80": [""], "81": [""], "83": [""], "84": [""], "86": [""], "87": [""], "88": [""], "89": [""], "91": [""], "92": [""], "93": [""], "95": [""], "97": [""], "98": [""], "100": [""], "102": [""], "105": [""], "106": [""], "108": [""], "109": [""], "110": [""], "112": [""], "113": [""], "115": [""], "116": [""], "117": [""], "119": [""], "121": [""], "122": [""], "123": [""], "125": [""], "126": [""], "127": [""], "129": [""], "130": [""], "132": [""], "134": [""], "135": [""], "136": [""], "138": [""], "139": [""], "140": [""], "142": [""], "143": [""], "144": [""], "146": [""], "148": [""], "149": [""], "150": [""], "151": [""], "152": [""], "153": [""], "154": [""], "155": [""], "159": [""], "160": [""], "162": [""], "164": [""], "165": [""], "166": [""], "167": [""], "168": [""], "169": [""], "170": [""], "171": [""], "174": [""], "178": [""], "180": [""], "182": [""], "183": [""], "184": [""], "186": [""], "188": [""], "189": [""], "190": [""], "191": [""], "193": [""], "196": [""], "197": [""], "198": [""], "200": [""], "203": [""], "204": [""], "212": [""], "213": [""], "214": [""], "216": [""], "218": [""], "219": [""], "222": [""], "223": [""], "225": [""], "226": [""], "229": [""], "231": [""], "233": [""], "235": [""], "237": [""], "240": [""], "241": [""], "243": [""], "245": [""], "246": [""], "247": [""], "248": [""], "250": [""], "253": [""], "254": [""], "255": [""], "256": [""], "257": [""], "259": [""], "264": [""], "267": [""], "270": [""], "271": [""], "274": [""], "275": [""], "278": [""], "279": [""], "281": [""], "282": [""], "284": [""], "285": [""], "288": [""], "289": [""], "290": [""], "292": [""], "293": [""], "295": [""], "296": [""], "297": [""], "299": [""], "301": [""], "302": [""], "306": [""], "307": [""], "308": [""], "309": [""], "315": [""], "318": [""], "320": [""], "322": [""], "323": [""], "324": [""], "325": [""], "326": [""], "327": [""], "328": [""], "332": [""], "336": [""], "338": [""], "339": [""], "340": [""], "342": [""]}}, "CalculationEngine._apply_aggregation_formula": {"executed_lines": [112, 113, 115, 116, 117], "summary": {"covered_lines": 5, "num_statements": 5, "percent_covered": 100.0, "percent_covered_display": "100.00", "missing_lines": 0, "excluded_lines": 0, "percent_statements_covered": 100.0, "percent_statements_covered_display": "100.00"}, "missing_lines": [], "excluded_lines": [], "contexts": {"1": [""], "2": [""], "3": [""], "4": [""], "5": [""], "6": [""], "8": [""], "11": [""], "12": [""], "13": [""], "15": [""], "16": [""], "17": [""], "18": [""], "20": [""], "22": [""], "23": [""], "24": [""], "25": [""], "26": [""], "27": [""], "28": [""], "29": [""], "32": [""], "33": [""], "36": [""], "37": [""], "38": [""], "39": [""], "40": [""], "41": [""], "42": [""], "43": [""], "44": [""], "48": [""], "49": [""], "50": [""], "51": [""], "52": [""], "53": [""], "54": [""], "55": [""], "58": [""], "61": [""], "63": [""], "65": [""], "66": [""], "69": [""], "70": [""], "71": [""], "72": [""], "74": [""], "76": [""], "78": [""], "79": [""], "80": [""], "81": [""], "83": [""], "84": [""], "86": [""], "87": [""], "88": [""], "89": [""], "91": [""], "92": [""], "93": [""], "95": [""], "97": [""], "98": [""], "100": [""], "102": [""], "105": [""], "106": [""], "108": [""], "109": [""], "110": [""], "112": [""], "113": [""], "115": [""], "116": [""], "117": [""], "119": [""], "121": [""], "122": [""], "123": [""], "125": [""], "126": [""], "127": [""], "129": [""], "130": [""], "132": [""], "134": [""], "135": [""], "136": [""], "138": [""], "139": [""], "140": [""], "142": [""], "143": [""], "144": [""], "146": [""], "148": [""], "149": [""], "150": [""], "151": [""], "152": [""], "153": [""], "154": [""], "155": [""], "159": [""], "160": [""], "162": [""], "164": [""], "165": [""], "166": [""], "167": [""], "168": [""], "169": [""], "170": [""], "171": [""], "174": [""], "178": [""], "180": [""], "182": [""], "183": [""], "184": [""], "186": [""], "188": [""], "189": [""], "190": [""], "191": [""], "193": [""], "196": [""], "197": [""], "198": [""], "200": [""], "203": [""], "204": [""], "212": [""], "213": [""], "214": [""], "216": [""], "218": [""], "219": [""], "222": [""], "223": [""], "225": [""], "226": [""], "229": [""], "231": [""], "233": [""], "235": [""], "237": [""], "240": [""], "241": [""], "243": [""], "245": [""], "246": [""], "247": [""], "248": [""], "250": [""], "253": [""], "254": [""], "255": [""], "256": [""], "257": [""], "259": [""], "264": [""], "267": [""], "270": [""], "271": [""], "274": [""], "275": [""], "278": [""], "279": [""], "281": [""], "282": [""], "284": [""], "285": [""], "288": [""], "289": [""], "290": [""], "292": [""], "293": [""], "295": [""], "296": [""], "297": [""], "299": [""], "301": [""], "302": [""], "306": [""], "307": [""], "308": [""], "309": [""], "315": [""], "318": [""], "320": [""], "322": [""], "323": [""], "324": [""], "325": [""], "326": [""], "327": [""], "328": [""], "332": [""], "336": [""], "338": [""], "339": [""], "340": [""], "342": [""]}}, "CalculationEngine._parse_aggregation_formula": {"executed_lines": [121, 122, 123, 125, 126, 127, 129, 130], "summary": {"covered_lines": 8, "num_statements": 8, "percent_covered": 100.0, "percent_covered_display": "100.00", "missing_lines": 0, "excluded_lines": 0, "percent_statements_covered": 100.0, "percent_statements_covered_display": "100.00"}, "missing_lines": [], "excluded_lines": [], "contexts": {"1": [""], "2": [""], "3": [""], "4": [""], "5": [""], "6": [""], "8": [""], "11": [""], "12": [""], "13": [""], "15": [""], "16": [""], "17": [""], "18": [""], "20": [""], "22": [""], "23": [""], "24": [""], "25": [""], "26": [""], "27": [""], "28": [""], "29": [""], "32": [""], "33": [""], "36": [""], "37": [""], "38": [""], "39": [""], "40": [""], "41": [""], "42": [""], "43": [""], "44": [""], "48": [""], "49": [""], "50": [""], "51": [""], "52": [""], "53": [""], "54": [""], "55": [""], "58": [""], "61": [""], "63": [""], "65": [""], "66": [""], "69": [""], "70": [""], "71": [""], "72": [""], "74": [""], "76": [""], "78": [""], "79": [""], "80": [""], "81": [""], "83": [""], "84": [""], "86": [""], "87": [""], "88": [""], "89": [""], "91": [""], "92": [""], "93": [""], "95": [""], "97": [""], "98": [""], "100": [""], "102": [""], "105": [""], "106": [""], "108": [""], "109": [""], "110": [""], "112": [""], "113": [""], "115": [""], "116": [""], "117": [""], "119": [""], "121": [""], "122": [""], "123": [""], "125": [""], "126": [""], "127": [""], "129": [""], "130": [""], "132": [""], "134": [""], "135": [""], "136": [""], "138": [""], "139": [""], "140": [""], "142": [""], "143": [""], "144": [""], "146": [""], "148": [""], "149": [""], "150": [""], "151": [""], "152": [""], "153": [""], "154": [""], "155": [""], "159": [""], "160": [""], "162": [""], "164": [""], "165": [""], "166": [""], "167": [""], "168": [""], "169": [""], "170": [""], "171": [""], "174": [""], "178": [""], "180": [""], "182": [""], "183": [""], "184": [""], "186": [""], "188": [""], "189": [""], "190": [""], "191": [""], "193": [""], "196": [""], "197": [""], "198": [""], "200": [""], "203": [""], "204": [""], "212": [""], "213": [""], "214": [""], "216": [""], "218": [""], "219": [""], "222": [""], "223": [""], "225": [""], "226": [""], "229": [""], "231": [""], "233": [""], "235": [""], "237": [""], "240": [""], "241": [""], "243": [""], "245": [""], "246": [""], "247": [""], "248": [""], "250": [""], "253": [""], "254": [""], "255": [""], "256": [""], "257": [""], "259": [""], "264": [""], "267": [""], "270": [""], "271": [""], "274": [""], "275": [""], "278": [""], "279": [""], "281": [""], "282": [""], "284": [""], "285": [""], "288": [""], "289": [""], "290": [""], "292": [""], "293": [""], "295": [""], "296": [""], "297": [""], "299": [""], "301": [""], "302": [""], "306": [""], "307": [""], "308": [""], "309": [""], "315": [""], "318": [""], "320": [""], "322": [""], "323": [""], "324": [""], "325": [""], "326": [""], "327": [""], "328": [""], "332": [""], "336": [""], "338": [""], "339": [""], "340": [""], "342": [""]}}, "CalculationEngine._validate_aggregation_column": {"executed_lines": [134, 135, 136], "summary": {"covered_lines": 3, "num_statements": 3, "percent_covered": 100.0, "percent_covered_display": "100.00", "missing_lines": 0, "excluded_lines": 0, "percent_statements_covered": 100.0, "percent_statements_covered_display": "100.00"}, "missing_lines": [], "excluded_lines": [], "contexts": {"1": [""], "2": [""], "3": [""], "4": [""], "5": [""], "6": [""], "8": [""], "11": [""], "12": [""], "13": [""], "15": [""], "16": [""], "17": [""], "18": [""], "20": [""], "22": [""], "23": [""], "24": [""], "25": [""], "26": [""], "27": [""], "28": [""], "29": [""], "32": [""], "33": [""], "36": [""], "37": [""], "38": [""], "39": [""], "40": [""], "41": [""], "42": [""], "43": [""], "44": [""], "48": [""], "49": [""], "50": [""], "51": [""], "52": [""], "53": [""], "54": [""], "55": [""], "58": [""], "61": [""], "63": [""], "65": [""], "66": [""], "69": [""], "70": [""], "71": [""], "72": [""], "74": [""], "76": [""], "78": [""], "79": [""], "80": [""], "81": [""], "83": [""], "84": [""], "86": [""], "87": [""], "88": [""], "89": [""], "91": [""], "92": [""], "93": [""], "95": [""], "97": [""], "98": [""], "100": [""], "102": [""], "105": [""], "106": [""], "108": [""], "109": [""], "110": [""], "112": [""], "113": [""], "115": [""], "116": [""], "117": [""], "119": [""], "121": [""], "122": [""], "123": [""], "125": [""], "126": [""], "127": [""], "129": [""], "130": [""], "132": [""], "134": [""], "135": [""], "136": [""], "138": [""], "139": [""], "140": [""], "142": [""], "143": [""], "144": [""], "146": [""], "148": [""], "149": [""], "150": [""], "151": [""], "152": [""], "153": [""], "154": [""], "155": [""], "159": [""], "160": [""], "162": [""], "164": [""], "165": [""], "166": [""], "167": [""], "168": [""], "169": [""], "170": [""], "171": [""], "174": [""], "178": [""], "180": [""], "182": [""], "183": [""], "184": [""], "186": [""], "188": [""], "189": [""], "190": [""], "191": [""], "193": [""], "196": [""], "197": [""], "198": [""], "200": [""], "203": [""], "204": [""], "212": [""], "213": [""], "214": [""], "216": [""], "218": [""], "219": [""], "222": [""], "223": [""], "225": [""], "226": [""], "229": [""], "231": [""], "233": [""], "235": [""], "237": [""], "240": [""], "241": [""], "243": [""], "245": [""], "246": [""], "247": [""], "248": [""], "250": [""], "253": [""], "254": [""], "255": [""], "256": [""], "257": [""], "259": [""], "264": [""], "267": [""], "270": [""], "271": [""], "274": [""], "275": [""], "278": [""], "279": [""], "281": [""], "282": [""], "284": [""], "285": [""], "288": [""], "289": [""], "290": [""], "292": [""], "293": [""], "295": [""], "296": [""], "297": [""], "299": [""], "301": [""], "302": [""], "306": [""], "307": [""], "308": [""], "309": [""], "315": [""], "318": [""], "320": [""], "322": [""], "323": [""], "324": [""], "325": [""], "326": [""], "327": [""], "328": [""], "332": [""], "336": [""], "338": [""], "339": [""], "340": [""], "342": [""]}}, "CalculationEngine._apply_grouped_aggregation": {"executed_lines": [142, 143, 144], "summary": {"covered_lines": 3, "num_statements": 3, "percent_covered": 100.0, "percent_covered_display": "100.00", "missing_lines": 0, "excluded_lines": 0, "percent_statements_covered": 100.0, "percent_statements_covered_display": "100.00"}, "missing_lines": [], "excluded_lines": [], "contexts": {"1": [""], "2": [""], "3": [""], "4": [""], "5": [""], "6": [""], "8": [""], "11": [""], "12": [""], "13": [""], "15": [""], "16": [""], "17": [""], "18": [""], "20": [""], "22": [""], "23": [""], "24": [""], "25": [""], "26": [""], "27": [""], "28": [""], "29": [""], "32": [""], "33": [""], "36": [""], "37": [""], "38": [""], "39": [""], "40": [""], "41": [""], "42": [""], "43": [""], "44": [""], "48": [""], "49": [""], "50": [""], "51": [""], "52": [""], "53": [""], "54": [""], "55": [""], "58": [""], "61": [""], "63": [""], "65": [""], "66": [""], "69": [""], "70": [""], "71": [""], "72": [""], "74": [""], "76": [""], "78": [""], "79": [""], "80": [""], "81": [""], "83": [""], "84": [""], "86": [""], "87": [""], "88": [""], "89": [""], "91": [""], "92": [""], "93": [""], "95": [""], "97": [""], "98": [""], "100": [""], "102": [""], "105": [""], "106": [""], "108": [""], "109": [""], "110": [""], "112": [""], "113": [""], "115": [""], "116": [""], "117": [""], "119": [""], "121": [""], "122": [""], "123": [""], "125": [""], "126": [""], "127": [""], "129": [""], "130": [""], "132": [""], "134": [""], "135": [""], "136": [""], "138": [""], "139": [""], "140": [""], "142": [""], "143": [""], "144": [""], "146": [""], "148": [""], "149": [""], "150": [""], "151": [""], "152": [""], "153": [""], "154": [""], "155": [""], "159": [""], "160": [""], "162": [""], "164": [""], "165": [""], "166": [""], "167": [""], "168": [""], "169": [""], "170": [""], "171": [""], "174": [""], "178": [""], "180": [""], "182": [""], "183": [""], "184": [""], "186": [""], "188": [""], "189": [""], "190": [""], "191": [""], "193": [""], "196": [""], "197": [""], "198": [""], "200": [""], "203": [""], "204": [""], "212": [""], "213": [""], "214": [""], "216": [""], "218": [""], "219": [""], "222": [""], "223": [""], "225": [""], "226": [""], "229": [""], "231": [""], "233": [""], "235": [""], "237": [""], "240": [""], "241": [""], "243": [""], "245": [""], "246": [""], "247": [""], "248": [""], "250": [""], "253": [""], "254": [""], "255": [""], "256": [""], "257": [""], "259": [""], "264": [""], "267": [""], "270": [""], "271": [""], "274": [""], "275": [""], "278": [""], "279": [""], "281": [""], "282": [""], "284": [""], "285": [""], "288": [""], "289": [""], "290": [""], "292": [""], "293": [""], "295": [""], "296": [""], "297": [""], "299": [""], "301": [""], "302": [""], "306": [""], "307": [""], "308": [""], "309": [""], "315": [""], "318": [""], "320": [""], "322": [""], "323": [""], "324": [""], "325": [""], "326": [""], "327": [""], "328": [""], "332": [""], "336": [""], "338": [""], "339": [""], "340": [""], "342": [""]}}, "CalculationEngine._prepare_group_columns": {"executed_lines": [148, 149, 150, 151, 152, 153, 154, 155, 159, 160], "summary": {"covered_lines": 10, "num_statements": 11, "percent_covered": 90.9090909090909, "percent_covered_display": "90.91", "missing_lines": 1, "excluded_lines": 0, "percent_statements_covered": 90.9090909090909, "percent_statements_covered_display": "90.91"}, "missing_lines": [157], "excluded_lines": [], "contexts": {"1": [""], "2": [""], "3": [""], "4": [""], "5": [""], "6": [""], "8": [""], "11": [""], "12": [""], "13": [""], "15": [""], "16": [""], "17": [""], "18": [""], "20": [""], "22": [""], "23": [""], "24": [""], "25": [""], "26": [""], "27": [""], "28": [""], "29": [""], "32": [""], "33": [""], "36": [""], "37": [""], "38": [""], "39": [""], "40": [""], "41": [""], "42": [""], "43": [""], "44": [""], "48": [""], "49": [""], "50": [""], "51": [""], "52": [""], "53": [""], "54": [""], "55": [""], "58": [""], "61": [""], "63": [""], "65": [""], "66": [""], "69": [""], "70": [""], "71": [""], "72": [""], "74": [""], "76": [""], "78": [""], "79": [""], "80": [""], "81": [""], "83": [""], "84": [""], "86": [""], "87": [""], "88": [""], "89": [""], "91": [""], "92": [""], "93": [""], "95": [""], "97": [""], "98": [""], "100": [""], "102": [""], "105": [""], "106": [""], "108": [""], "109": [""], "110": [""], "112": [""], "113": [""], "115": [""], "116": [""], "117": [""], "119": [""], "121": [""], "122": [""], "123": [""], "125": [""], "126": [""], "127": [""], "129": [""], "130": [""], "132": [""], "134": [""], "135": [""], "136": [""], "138": [""], "139": [""], "140": [""], "142": [""], "143": [""], "144": [""], "146": [""], "148": [""], "149": [""], "150": [""], "151": [""], "152": [""], "153": [""], "154": [""], "155": [""], "159": [""], "160": [""], "162": [""], "164": [""], "165": [""], "166": [""], "167": [""], "168": [""], "169": [""], "170": [""], "171": [""], "174": [""], "178": [""], "180": [""], "182": [""], "183": [""], "184": [""], "186": [""], "188": [""], "189": [""], "190": [""], "191": [""], "193": [""], "196": [""], "197": [""], "198": [""], "200": [""], "203": [""], "204": [""], "212": [""], "213": [""], "214": [""], "216": [""], "218": [""], "219": [""], "222": [""], "223": [""], "225": [""], "226": [""], "229": [""], "231": [""], "233": [""], "235": [""], "237": [""], "240": [""], "241": [""], "243": [""], "245": [""], "246": [""], "247": [""], "248": [""], "250": [""], "253": [""], "254": [""], "255": [""], "256": [""], "257": [""], "259": [""], "264": [""], "267": [""], "270": [""], "271": [""], "274": [""], "275": [""], "278": [""], "279": [""], "281": [""], "282": [""], "284": [""], "285": [""], "288": [""], "289": [""], "290": [""], "292": [""], "293": [""], "295": [""], "296": [""], "297": [""], "299": [""], "301": [""], "302": [""], "306": [""], "307": [""], "308": [""], "309": [""], "315": [""], "318": [""], "320": [""], "322": [""], "323": [""], "324": [""], "325": [""], "326": [""], "327": [""], "328": [""], "332": [""], "336": [""], "338": [""], "339": [""], "340": [""], "342": [""]}}, "CalculationEngine._execute_grouped_aggregation": {"executed_lines": [164, 174, 178], "summary": {"covered_lines": 3, "num_statements": 5, "percent_covered": 60.0, "percent_covered_display": "60.00", "missing_lines": 2, "excluded_lines": 0, "percent_statements_covered": 60.0, "percent_statements_covered_display": "60.00"}, "missing_lines": [175, 176], "excluded_lines": [], "contexts": {"1": [""], "2": [""], "3": [""], "4": [""], "5": [""], "6": [""], "8": [""], "11": [""], "12": [""], "13": [""], "15": [""], "16": [""], "17": [""], "18": [""], "20": [""], "22": [""], "23": [""], "24": [""], "25": [""], "26": [""], "27": [""], "28": [""], "29": [""], "32": [""], "33": [""], "36": [""], "37": [""], "38": [""], "39": [""], "40": [""], "41": [""], "42": [""], "43": [""], "44": [""], "48": [""], "49": [""], "50": [""], "51": [""], "52": [""], "53": [""], "54": [""], "55": [""], "58": [""], "61": [""], "63": [""], "65": [""], "66": [""], "69": [""], "70": [""], "71": [""], "72": [""], "74": [""], "76": [""], "78": [""], "79": [""], "80": [""], "81": [""], "83": [""], "84": [""], "86": [""], "87": [""], "88": [""], "89": [""], "91": [""], "92": [""], "93": [""], "95": [""], "97": [""], "98": [""], "100": [""], "102": [""], "105": [""], "106": [""], "108": [""], "109": [""], "110": [""], "112": [""], "113": [""], "115": [""], "116": [""], "117": [""], "119": [""], "121": [""], "122": [""], "123": [""], "125": [""], "126": [""], "127": [""], "129": [""], "130": [""], "132": [""], "134": [""], "135": [""], "136": [""], "138": [""], "139": [""], "140": [""], "142": [""], "143": [""], "144": [""], "146": [""], "148": [""], "149": [""], "150": [""], "151": [""], "152": [""], "153": [""], "154": [""], "155": [""], "159": [""], "160": [""], "162": [""], "164": [""], "165": [""], "166": [""], "167": [""], "168": [""], "169": [""], "170": [""], "171": [""], "174": [""], "178": [""], "180": [""], "182": [""], "183": [""], "184": [""], "186": [""], "188": [""], "189": [""], "190": [""], "191": [""], "193": [""], "196": [""], "197": [""], "198": [""], "200": [""], "203": [""], "204": [""], "212": [""], "213": [""], "214": [""], "216": [""], "218": [""], "219": [""], "222": [""], "223": [""], "225": [""], "226": [""], "229": [""], "231": [""], "233": [""], "235": [""], "237": [""], "240": [""], "241": [""], "243": [""], "245": [""], "246": [""], "247": [""], "248": [""], "250": [""], "253": [""], "254": [""], "255": [""], "256": [""], "257": [""], "259": [""], "264": [""], "267": [""], "270": [""], "271": [""], "274": [""], "275": [""], "278": [""], "279": [""], "281": [""], "282": [""], "284": [""], "285": [""], "288": [""], "289": [""], "290": [""], "292": [""], "293": [""], "295": [""], "296": [""], "297": [""], "299": [""], "301": [""], "302": [""], "306": [""], "307": [""], "308": [""], "309": [""], "315": [""], "318": [""], "320": [""], "322": [""], "323": [""], "324": [""], "325": [""], "326": [""], "327": [""], "328": [""], "332": [""], "336": [""], "338": [""], "339": [""], "340": [""], "342": [""]}}, "CalculationEngine._apply_global_aggregation": {"executed_lines": [182, 183, 184], "summary": {"covered_lines": 3, "num_statements": 3, "percent_covered": 100.0, "percent_covered_display": "100.00", "missing_lines": 0, "excluded_lines": 0, "percent_statements_covered": 100.0, "percent_statements_covered_display": "100.00"}, "missing_lines": [], "excluded_lines": [], "contexts": {"1": [""], "2": [""], "3": [""], "4": [""], "5": [""], "6": [""], "8": [""], "11": [""], "12": [""], "13": [""], "15": [""], "16": [""], "17": [""], "18": [""], "20": [""], "22": [""], "23": [""], "24": [""], "25": [""], "26": [""], "27": [""], "28": [""], "29": [""], "32": [""], "33": [""], "36": [""], "37": [""], "38": [""], "39": [""], "40": [""], "41": [""], "42": [""], "43": [""], "44": [""], "48": [""], "49": [""], "50": [""], "51": [""], "52": [""], "53": [""], "54": [""], "55": [""], "58": [""], "61": [""], "63": [""], "65": [""], "66": [""], "69": [""], "70": [""], "71": [""], "72": [""], "74": [""], "76": [""], "78": [""], "79": [""], "80": [""], "81": [""], "83": [""], "84": [""], "86": [""], "87": [""], "88": [""], "89": [""], "91": [""], "92": [""], "93": [""], "95": [""], "97": [""], "98": [""], "100": [""], "102": [""], "105": [""], "106": [""], "108": [""], "109": [""], "110": [""], "112": [""], "113": [""], "115": [""], "116": [""], "117": [""], "119": [""], "121": [""], "122": [""], "123": [""], "125": [""], "126": [""], "127": [""], "129": [""], "130": [""], "132": [""], "134": [""], "135": [""], "136": [""], "138": [""], "139": [""], "140": [""], "142": [""], "143": [""], "144": [""], "146": [""], "148": [""], "149": [""], "150": [""], "151": [""], "152": [""], "153": [""], "154": [""], "155": [""], "159": [""], "160": [""], "162": [""], "164": [""], "165": [""], "166": [""], "167": [""], "168": [""], "169": [""], "170": [""], "171": [""], "174": [""], "178": [""], "180": [""], "182": [""], "183": [""], "184": [""], "186": [""], "188": [""], "189": [""], "190": [""], "191": [""], "193": [""], "196": [""], "197": [""], "198": [""], "200": [""], "203": [""], "204": [""], "212": [""], "213": [""], "214": [""], "216": [""], "218": [""], "219": [""], "222": [""], "223": [""], "225": [""], "226": [""], "229": [""], "231": [""], "233": [""], "235": [""], "237": [""], "240": [""], "241": [""], "243": [""], "245": [""], "246": [""], "247": [""], "248": [""], "250": [""], "253": [""], "254": [""], "255": [""], "256": [""], "257": [""], "259": [""], "264": [""], "267": [""], "270": [""], "271": [""], "274": [""], "275": [""], "278": [""], "279": [""], "281": [""], "282": [""], "284": [""], "285": [""], "288": [""], "289": [""], "290": [""], "292": [""], "293": [""], "295": [""], "296": [""], "297": [""], "299": [""], "301": [""], "302": [""], "306": [""], "307": [""], "308": [""], "309": [""], "315": [""], "318": [""], "320": [""], "322": [""], "323": [""], "324": [""], "325": [""], "326": [""], "327": [""], "328": [""], "332": [""], "336": [""], "338": [""], "339": [""], "340": [""], "342": [""]}}, "CalculationEngine.apply_arithmetic_formula": {"executed_lines": [193, 196, 197, 198, 200, 203, 204, 212, 213, 214], "summary": {"covered_lines": 10, "num_statements": 14, "percent_covered": 71.42857142857143, "percent_covered_display": "71.43", "missing_lines": 4, "excluded_lines": 0, "percent_statements_covered": 71.42857142857143, "percent_statements_covered_display": "71.43"}, "missing_lines": [194, 202, 206, 210], "excluded_lines": [], "contexts": {"1": [""], "2": [""], "3": [""], "4": [""], "5": [""], "6": [""], "8": [""], "11": [""], "12": [""], "13": [""], "15": [""], "16": [""], "17": [""], "18": [""], "20": [""], "22": [""], "23": [""], "24": [""], "25": [""], "26": [""], "27": [""], "28": [""], "29": [""], "32": [""], "33": [""], "36": [""], "37": [""], "38": [""], "39": [""], "40": [""], "41": [""], "42": [""], "43": [""], "44": [""], "48": [""], "49": [""], "50": [""], "51": [""], "52": [""], "53": [""], "54": [""], "55": [""], "58": [""], "61": [""], "63": [""], "65": [""], "66": [""], "69": [""], "70": [""], "71": [""], "72": [""], "74": [""], "76": [""], "78": [""], "79": [""], "80": [""], "81": [""], "83": [""], "84": [""], "86": [""], "87": [""], "88": [""], "89": [""], "91": [""], "92": [""], "93": [""], "95": [""], "97": [""], "98": [""], "100": [""], "102": [""], "105": [""], "106": [""], "108": [""], "109": [""], "110": [""], "112": [""], "113": [""], "115": [""], "116": [""], "117": [""], "119": [""], "121": [""], "122": [""], "123": [""], "125": [""], "126": [""], "127": [""], "129": [""], "130": [""], "132": [""], "134": [""], "135": [""], "136": [""], "138": [""], "139": [""], "140": [""], "142": [""], "143": [""], "144": [""], "146": [""], "148": [""], "149": [""], "150": [""], "151": [""], "152": [""], "153": [""], "154": [""], "155": [""], "159": [""], "160": [""], "162": [""], "164": [""], "165": [""], "166": [""], "167": [""], "168": [""], "169": [""], "170": [""], "171": [""], "174": [""], "178": [""], "180": [""], "182": [""], "183": [""], "184": [""], "186": [""], "188": [""], "189": [""], "190": [""], "191": [""], "193": [""], "196": [""], "197": [""], "198": [""], "200": [""], "203": [""], "204": [""], "212": [""], "213": [""], "214": [""], "216": [""], "218": [""], "219": [""], "222": [""], "223": [""], "225": [""], "226": [""], "229": [""], "231": [""], "233": [""], "235": [""], "237": [""], "240": [""], "241": [""], "243": [""], "245": [""], "246": [""], "247": [""], "248": [""], "250": [""], "253": [""], "254": [""], "255": [""], "256": [""], "257": [""], "259": [""], "264": [""], "267": [""], "270": [""], "271": [""], "274": [""], "275": [""], "278": [""], "279": [""], "281": [""], "282": [""], "284": [""], "285": [""], "288": [""], "289": [""], "290": [""], "292": [""], "293": [""], "295": [""], "296": [""], "297": [""], "299": [""], "301": [""], "302": [""], "306": [""], "307": [""], "308": [""], "309": [""], "315": [""], "318": [""], "320": [""], "322": [""], "323": [""], "324": [""], "325": [""], "326": [""], "327": [""], "328": [""], "332": [""], "336": [""], "338": [""], "339": [""], "340": [""], "342": [""]}}, "CalculationEngine.apply_arithmetic_formula._raise_type_error": {"executed_lines": [], "summary": {"covered_lines": 0, "num_statements": 2, "percent_covered": 0.0, "percent_covered_display": "0.00", "missing_lines": 2, "excluded_lines": 0, "percent_statements_covered": 0.0, "percent_statements_covered_display": "0.00"}, "missing_lines": [207, 208], "excluded_lines": [], "contexts": {"1": [""], "2": [""], "3": [""], "4": [""], "5": [""], "6": [""], "8": [""], "11": [""], "12": [""], "13": [""], "15": [""], "16": [""], "17": [""], "18": [""], "20": [""], "22": [""], "23": [""], "24": [""], "25": [""], "26": [""], "27": [""], "28": [""], "29": [""], "32": [""], "33": [""], "36": [""], "37": [""], "38": [""], "39": [""], "40": [""], "41": [""], "42": [""], "43": [""], "44": [""], "48": [""], "49": [""], "50": [""], "51": [""], "52": [""], "53": [""], "54": [""], "55": [""], "58": [""], "61": [""], "63": [""], "65": [""], "66": [""], "69": [""], "70": [""], "71": [""], "72": [""], "74": [""], "76": [""], "78": [""], "79": [""], "80": [""], "81": [""], "83": [""], "84": [""], "86": [""], "87": [""], "88": [""], "89": [""], "91": [""], "92": [""], "93": [""], "95": [""], "97": [""], "98": [""], "100": [""], "102": [""], "105": [""], "106": [""], "108": [""], "109": [""], "110": [""], "112": [""], "113": [""], "115": [""], "116": [""], "117": [""], "119": [""], "121": [""], "122": [""], "123": [""], "125": [""], "126": [""], "127": [""], "129": [""], "130": [""], "132": [""], "134": [""], "135": [""], "136": [""], "138": [""], "139": [""], "140": [""], "142": [""], "143": [""], "144": [""], "146": [""], "148": [""], "149": [""], "150": [""], "151": [""], "152": [""], "153": [""], "154": [""], "155": [""], "159": [""], "160": [""], "162": [""], "164": [""], "165": [""], "166": [""], "167": [""], "168": [""], "169": [""], "170": [""], "171": [""], "174": [""], "178": [""], "180": [""], "182": [""], "183": [""], "184": [""], "186": [""], "188": [""], "189": [""], "190": [""], "191": [""], "193": [""], "196": [""], "197": [""], "198": [""], "200": [""], "203": [""], "204": [""], "212": [""], "213": [""], "214": [""], "216": [""], "218": [""], "219": [""], "222": [""], "223": [""], "225": [""], "226": [""], "229": [""], "231": [""], "233": [""], "235": [""], "237": [""], "240": [""], "241": [""], "243": [""], "245": [""], "246": [""], "247": [""], "248": [""], "250": [""], "253": [""], "254": [""], "255": [""], "256": [""], "257": [""], "259": [""], "264": [""], "267": [""], "270": [""], "271": [""], "274": [""], "275": [""], "278": [""], "279": [""], "281": [""], "282": [""], "284": [""], "285": [""], "288": [""], "289": [""], "290": [""], "292": [""], "293": [""], "295": [""], "296": [""], "297": [""], "299": [""], "301": [""], "302": [""], "306": [""], "307": [""], "308": [""], "309": [""], "315": [""], "318": [""], "320": [""], "322": [""], "323": [""], "324": [""], "325": [""], "326": [""], "327": [""], "328": [""], "332": [""], "336": [""], "338": [""], "339": [""], "340": [""], "342": [""]}}, "CalculationEngine._validate_ast_node": {"executed_lines": [218, 219, 222, 223, 225, 226, 229, 231, 233, 235, 237, 240, 241], "summary": {"covered_lines": 13, "num_statements": 17, "percent_covered": 76.47058823529412, "percent_covered_display": "76.47", "missing_lines": 4, "excluded_lines": 0, "percent_statements_covered": 76.47058823529412, "percent_statements_covered_display": "76.47"}, "missing_lines": [220, 221, 227, 228], "excluded_lines": [], "contexts": {"1": [""], "2": [""], "3": [""], "4": [""], "5": [""], "6": [""], "8": [""], "11": [""], "12": [""], "13": [""], "15": [""], "16": [""], "17": [""], "18": [""], "20": [""], "22": [""], "23": [""], "24": [""], "25": [""], "26": [""], "27": [""], "28": [""], "29": [""], "32": [""], "33": [""], "36": [""], "37": [""], "38": [""], "39": [""], "40": [""], "41": [""], "42": [""], "43": [""], "44": [""], "48": [""], "49": [""], "50": [""], "51": [""], "52": [""], "53": [""], "54": [""], "55": [""], "58": [""], "61": [""], "63": [""], "65": [""], "66": [""], "69": [""], "70": [""], "71": [""], "72": [""], "74": [""], "76": [""], "78": [""], "79": [""], "80": [""], "81": [""], "83": [""], "84": [""], "86": [""], "87": [""], "88": [""], "89": [""], "91": [""], "92": [""], "93": [""], "95": [""], "97": [""], "98": [""], "100": [""], "102": [""], "105": [""], "106": [""], "108": [""], "109": [""], "110": [""], "112": [""], "113": [""], "115": [""], "116": [""], "117": [""], "119": [""], "121": [""], "122": [""], "123": [""], "125": [""], "126": [""], "127": [""], "129": [""], "130": [""], "132": [""], "134": [""], "135": [""], "136": [""], "138": [""], "139": [""], "140": [""], "142": [""], "143": [""], "144": [""], "146": [""], "148": [""], "149": [""], "150": [""], "151": [""], "152": [""], "153": [""], "154": [""], "155": [""], "159": [""], "160": [""], "162": [""], "164": [""], "165": [""], "166": [""], "167": [""], "168": [""], "169": [""], "170": [""], "171": [""], "174": [""], "178": [""], "180": [""], "182": [""], "183": [""], "184": [""], "186": [""], "188": [""], "189": [""], "190": [""], "191": [""], "193": [""], "196": [""], "197": [""], "198": [""], "200": [""], "203": [""], "204": [""], "212": [""], "213": [""], "214": [""], "216": [""], "218": [""], "219": [""], "222": [""], "223": [""], "225": [""], "226": [""], "229": [""], "231": [""], "233": [""], "235": [""], "237": [""], "240": [""], "241": [""], "243": [""], "245": [""], "246": [""], "247": [""], "248": [""], "250": [""], "253": [""], "254": [""], "255": [""], "256": [""], "257": [""], "259": [""], "264": [""], "267": [""], "270": [""], "271": [""], "274": [""], "275": [""], "278": [""], "279": [""], "281": [""], "282": [""], "284": [""], "285": [""], "288": [""], "289": [""], "290": [""], "292": [""], "293": [""], "295": [""], "296": [""], "297": [""], "299": [""], "301": [""], "302": [""], "306": [""], "307": [""], "308": [""], "309": [""], "315": [""], "318": [""], "320": [""], "322": [""], "323": [""], "324": [""], "325": [""], "326": [""], "327": [""], "328": [""], "332": [""], "336": [""], "338": [""], "339": [""], "340": [""], "342": [""]}}, "CalculationEngine._evaluate_ast_node": {"executed_lines": [250, 253, 254, 255, 256, 257, 259, 264, 267, 270, 271, 274, 275, 278, 279, 281, 282, 284, 285], "summary": {"covered_lines": 19, "num_statements": 25, "percent_covered": 76.0, "percent_covered_display": "76.00", "missing_lines": 6, "excluded_lines": 0, "percent_statements_covered": 76.0, "percent_statements_covered_display": "76.00"}, "missing_lines": [251, 260, 261, 262, 265, 268], "excluded_lines": [], "contexts": {"1": [""], "2": [""], "3": [""], "4": [""], "5": [""], "6": [""], "8": [""], "11": [""], "12": [""], "13": [""], "15": [""], "16": [""], "17": [""], "18": [""], "20": [""], "22": [""], "23": [""], "24": [""], "25": [""], "26": [""], "27": [""], "28": [""], "29": [""], "32": [""], "33": [""], "36": [""], "37": [""], "38": [""], "39": [""], "40": [""], "41": [""], "42": [""], "43": [""], "44": [""], "48": [""], "49": [""], "50": [""], "51": [""], "52": [""], "53": [""], "54": [""], "55": [""], "58": [""], "61": [""], "63": [""], "65": [""], "66": [""], "69": [""], "70": [""], "71": [""], "72": [""], "74": [""], "76": [""], "78": [""], "79": [""], "80": [""], "81": [""], "83": [""], "84": [""], "86": [""], "87": [""], "88": [""], "89": [""], "91": [""], "92": [""], "93": [""], "95": [""], "97": [""], "98": [""], "100": [""], "102": [""], "105": [""], "106": [""], "108": [""], "109": [""], "110": [""], "112": [""], "113": [""], "115": [""], "116": [""], "117": [""], "119": [""], "121": [""], "122": [""], "123": [""], "125": [""], "126": [""], "127": [""], "129": [""], "130": [""], "132": [""], "134": [""], "135": [""], "136": [""], "138": [""], "139": [""], "140": [""], "142": [""], "143": [""], "144": [""], "146": [""], "148": [""], "149": [""], "150": [""], "151": [""], "152": [""], "153": [""], "154": [""], "155": [""], "159": [""], "160": [""], "162": [""], "164": [""], "165": [""], "166": [""], "167": [""], "168": [""], "169": [""], "170": [""], "171": [""], "174": [""], "178": [""], "180": [""], "182": [""], "183": [""], "184": [""], "186": [""], "188": [""], "189": [""], "190": [""], "191": [""], "193": [""], "196": [""], "197": [""], "198": [""], "200": [""], "203": [""], "204": [""], "212": [""], "213": [""], "214": [""], "216": [""], "218": [""], "219": [""], "222": [""], "223": [""], "225": [""], "226": [""], "229": [""], "231": [""], "233": [""], "235": [""], "237": [""], "240": [""], "241": [""], "243": [""], "245": [""], "246": [""], "247": [""], "248": [""], "250": [""], "253": [""], "254": [""], "255": [""], "256": [""], "257": [""], "259": [""], "264": [""], "267": [""], "270": [""], "271": [""], "274": [""], "275": [""], "278": [""], "279": [""], "281": [""], "282": [""], "284": [""], "285": [""], "288": [""], "289": [""], "290": [""], "292": [""], "293": [""], "295": [""], "296": [""], "297": [""], "299": [""], "301": [""], "302": [""], "306": [""], "307": [""], "308": [""], "309": [""], "315": [""], "318": [""], "320": [""], "322": [""], "323": [""], "324": [""], "325": [""], "326": [""], "327": [""], "328": [""], "332": [""], "336": [""], "338": [""], "339": [""], "340": [""], "342": [""]}}, "CalculationEngine.apply_multiple_rules": {"executed_lines": [292, 293, 295, 296, 297, 299, 301, 306, 307, 308, 309, 315], "summary": {"covered_lines": 12, "num_statements": 15, "percent_covered": 80.0, "percent_covered_display": "80.00", "missing_lines": 3, "excluded_lines": 0, "percent_statements_covered": 80.0, "percent_statements_covered_display": "80.00"}, "missing_lines": [311, 312, 313], "excluded_lines": [], "contexts": {"1": [""], "2": [""], "3": [""], "4": [""], "5": [""], "6": [""], "8": [""], "11": [""], "12": [""], "13": [""], "15": [""], "16": [""], "17": [""], "18": [""], "20": [""], "22": [""], "23": [""], "24": [""], "25": [""], "26": [""], "27": [""], "28": [""], "29": [""], "32": [""], "33": [""], "36": [""], "37": [""], "38": [""], "39": [""], "40": [""], "41": [""], "42": [""], "43": [""], "44": [""], "48": [""], "49": [""], "50": [""], "51": [""], "52": [""], "53": [""], "54": [""], "55": [""], "58": [""], "61": [""], "63": [""], "65": [""], "66": [""], "69": [""], "70": [""], "71": [""], "72": [""], "74": [""], "76": [""], "78": [""], "79": [""], "80": [""], "81": [""], "83": [""], "84": [""], "86": [""], "87": [""], "88": [""], "89": [""], "91": [""], "92": [""], "93": [""], "95": [""], "97": [""], "98": [""], "100": [""], "102": [""], "105": [""], "106": [""], "108": [""], "109": [""], "110": [""], "112": [""], "113": [""], "115": [""], "116": [""], "117": [""], "119": [""], "121": [""], "122": [""], "123": [""], "125": [""], "126": [""], "127": [""], "129": [""], "130": [""], "132": [""], "134": [""], "135": [""], "136": [""], "138": [""], "139": [""], "140": [""], "142": [""], "143": [""], "144": [""], "146": [""], "148": [""], "149": [""], "150": [""], "151": [""], "152": [""], "153": [""], "154": [""], "155": [""], "159": [""], "160": [""], "162": [""], "164": [""], "165": [""], "166": [""], "167": [""], "168": [""], "169": [""], "170": [""], "171": [""], "174": [""], "178": [""], "180": [""], "182": [""], "183": [""], "184": [""], "186": [""], "188": [""], "189": [""], "190": [""], "191": [""], "193": [""], "196": [""], "197": [""], "198": [""], "200": [""], "203": [""], "204": [""], "212": [""], "213": [""], "214": [""], "216": [""], "218": [""], "219": [""], "222": [""], "223": [""], "225": [""], "226": [""], "229": [""], "231": [""], "233": [""], "235": [""], "237": [""], "240": [""], "241": [""], "243": [""], "245": [""], "246": [""], "247": [""], "248": [""], "250": [""], "253": [""], "254": [""], "255": [""], "256": [""], "257": [""], "259": [""], "264": [""], "267": [""], "270": [""], "271": [""], "274": [""], "275": [""], "278": [""], "279": [""], "281": [""], "282": [""], "284": [""], "285": [""], "288": [""], "289": [""], "290": [""], "292": [""], "293": [""], "295": [""], "296": [""], "297": [""], "299": [""], "301": [""], "302": [""], "306": [""], "307": [""], "308": [""], "309": [""], "315": [""], "318": [""], "320": [""], "322": [""], "323": [""], "324": [""], "325": [""], "326": [""], "327": [""], "328": [""], "332": [""], "336": [""], "338": [""], "339": [""], "340": [""], "342": [""]}}, "parse_calculation_rules": {"executed_lines": [320, 322, 323, 324, 332, 336, 338, 339, 340, 342], "summary": {"covered_lines": 10, "num_statements": 12, "percent_covered": 83.33333333333333, "percent_covered_display": "83.33", "missing_lines": 2, "excluded_lines": 0, "percent_statements_covered": 83.33333333333333, "percent_statements_covered_display": "83.33"}, "missing_lines": [333, 334], "excluded_lines": [], "contexts": {"1": [""], "2": [""], "3": [""], "4": [""], "5": [""], "6": [""], "8": [""], "11": [""], "12": [""], "13": [""], "15": [""], "16": [""], "17": [""], "18": [""], "20": [""], "22": [""], "23": [""], "24": [""], "25": [""], "26": [""], "27": [""], "28": [""], "29": [""], "32": [""], "33": [""], "36": [""], "37": [""], "38": [""], "39": [""], "40": [""], "41": [""], "42": [""], "43": [""], "44": [""], "48": [""], "49": [""], "50": [""], "51": [""], "52": [""], "53": [""], "54": [""], "55": [""], "58": [""], "61": [""], "63": [""], "65": [""], "66": [""], "69": [""], "70": [""], "71": [""], "72": [""], "74": [""], "76": [""], "78": [""], "79": [""], "80": [""], "81": [""], "83": [""], "84": [""], "86": [""], "87": [""], "88": [""], "89": [""], "91": [""], "92": [""], "93": [""], "95": [""], "97": [""], "98": [""], "100": [""], "102": [""], "105": [""], "106": [""], "108": [""], "109": [""], "110": [""], "112": [""], "113": [""], "115": [""], "116": [""], "117": [""], "119": [""], "121": [""], "122": [""], "123": [""], "125": [""], "126": [""], "127": [""], "129": [""], "130": [""], "132": [""], "134": [""], "135": [""], "136": [""], "138": [""], "139": [""], "140": [""], "142": [""], "143": [""], "144": [""], "146": [""], "148": [""], "149": [""], "150": [""], "151": [""], "152": [""], "153": [""], "154": [""], "155": [""], "159": [""], "160": [""], "162": [""], "164": [""], "165": [""], "166": [""], "167": [""], "168": [""], "169": [""], "170": [""], "171": [""], "174": [""], "178": [""], "180": [""], "182": [""], "183": [""], "184": [""], "186": [""], "188": [""], "189": [""], "190": [""], "191": [""], "193": [""], "196": [""], "197": [""], "198": [""], "200": [""], "203": [""], "204": [""], "212": [""], "213": [""], "214": [""], "216": [""], "218": [""], "219": [""], "222": [""], "223": [""], "225": [""], "226": [""], "229": [""], "231": [""], "233": [""], "235": [""], "237": [""], "240": [""], "241": [""], "243": [""], "245": [""], "246": [""], "247": [""], "248": [""], "250": [""], "253": [""], "254": [""], "255": [""], "256": [""], "257": [""], "259": [""], "264": [""], "267": [""], "270": [""], "271": [""], "274": [""], "275": [""], "278": [""], "279": [""], "281": [""], "282": [""], "284": [""], "285": [""], "288": [""], "289": [""], "290": [""], "292": [""], "293": [""], "295": [""], "296": [""], "297": [""], "299": [""], "301": [""], "302": [""], "306": [""], "307": [""], "308": [""], "309": [""], "315": [""], "318": [""], "320": [""], "322": [""], "323": [""], "324": [""], "325": [""], "326": [""], "327": [""], "328": [""], "332": [""], "336": [""], "338": [""], "339": [""], "340": [""], "342": [""]}}, "": {"executed_lines": [1, 2, 3, 4, 5, 6, 8, 11, 12, 13, 15, 16, 17, 18, 20, 32, 33, 36, 48, 58, 61, 76, 95, 102, 108, 119, 132, 138, 146, 162, 180, 186, 216, 243, 288, 318], "summary": {"covered_lines": 33, "num_statements": 33, "percent_covered": 100.0, "percent_covered_display": "100.00", "missing_lines": 0, "excluded_lines": 0, "percent_statements_covered": 100.0, "percent_statements_covered_display": "100.00"}, "missing_lines": [], "excluded_lines": [], "contexts": {"1": [""], "2": [""], "3": [""], "4": [""], "5": [""], "6": [""], "8": [""], "11": [""], "12": [""], "13": [""], "15": [""], "16": [""], "17": [""], "18": [""], "20": [""], "22": [""], "23": [""], "24": [""], "25": [""], "26": [""], "27": [""], "28": [""], "29": [""], "32": [""], "33": [""], "36": [""], "37": [""], "38": [""], "39": [""], "40": [""], "41": [""], "42": [""], "43": [""], "44": [""], "48": [""], "49": [""], "50": [""], "51": [""], "52": [""], "53": [""], "54": [""], "55": [""], "58": [""], "61": [""], "63": [""], "65": [""], "66": [""], "69": [""], "70": [""], "71": [""], "72": [""], "74": [""], "76": [""], "78": [""], "79": [""], "80": [""], "81": [""], "83": [""], "84": [""], "86": [""], "87": [""], "88": [""], "89": [""], "91": [""], "92": [""], "93": [""], "95": [""], "97": [""], "98": [""], "100": [""], "102": [""], "105": [""], "106": [""], "108": [""], "109": [""], "110": [""], "112": [""], "113": [""], "115": [""], "116": [""], "117": [""], "119": [""], "121": [""], "122": [""], "123": [""], "125": [""], "126": [""], "127": [""], "129": [""], "130": [""], "132": [""], "134": [""], "135": [""], "136": [""], "138": [""], "139": [""], "140": [""], "142": [""], "143": [""], "144": [""], "146": [""], "148": [""], "149": [""], "150": [""], "151": [""], "152": [""], "153": [""], "154": [""], "155": [""], "159": [""], "160": [""], "162": [""], "164": [""], "165": [""], "166": [""], "167": [""], "168": [""], "169": [""], "170": [""], "171": [""], "174": [""], "178": [""], "180": [""], "182": [""], "183": [""], "184": [""], "186": [""], "188": [""], "189": [""], "190": [""], "191": [""], "193": [""], "196": [""], "197": [""], "198": [""], "200": [""], "203": [""], "204": [""], "212": [""], "213": [""], "214": [""], "216": [""], "218": [""], "219": [""], "222": [""], "223": [""], "225": [""], "226": [""], "229": [""], "231": [""], "233": [""], "235": [""], "237": [""], "240": [""], "241": [""], "243": [""], "245": [""], "246": [""], "247": [""], "248": [""], "250": [""], "253": [""], "254": [""], "255": [""], "256": [""], "257": [""], "259": [""], "264": [""], "267": [""], "270": [""], "271": [""], "274": [""], "275": [""], "278": [""], "279": [""], "281": [""], "282": [""], "284": [""], "285": [""], "288": [""], "289": [""], "290": [""], "292": [""], "293": [""], "295": [""], "296": [""], "297": [""], "299": [""], "301": [""], "302": [""], "306": [""], "307": [""], "308": [""], "309": [""], "315": [""], "318": [""], "320": [""], "322": [""], "323": [""], "324": [""], "325": [""], "326": [""], "327": [""], "328": [""], "332": [""], "336": [""], "338": [""], "339": [""], "340": [""], "342": [""]}}}, "classes": {"CalculationRule": {"executed_lines": [22, 23, 24, 25, 26, 27, 28, 29], "summary": {"covered_lines": 8, "num_statements": 8, "percent_covered": 100.0, "percent_covered_display": "100.00", "missing_lines": 0, "excluded_lines": 0, "percent_statements_covered": 100.0, "percent_statements_covered_display": "100.00"}, "missing_lines": [], "excluded_lines": [], "contexts": {"1": [""], "2": [""], "3": [""], "4": [""], "5": [""], "6": [""], "8": [""], "11": [""], "12": [""], "13": [""], "15": [""], "16": [""], "17": [""], "18": [""], "20": [""], "22": [""], "23": [""], "24": [""], "25": [""], "26": [""], "27": [""], "28": [""], "29": [""], "32": [""], "33": [""], "36": [""], "37": [""], "38": [""], "39": [""], "40": [""], "41": [""], "42": [""], "43": [""], "44": [""], "48": [""], "49": [""], "50": [""], "51": [""], "52": [""], "53": [""], "54": [""], "55": [""], "58": [""], "61": [""], "63": [""], "65": [""], "66": [""], "69": [""], "70": [""], "71": [""], "72": [""], "74": [""], "76": [""], "78": [""], "79": [""], "80": [""], "81": [""], "83": [""], "84": [""], "86": [""], "87": [""], "88": [""], "89": [""], "91": [""], "92": [""], "93": [""], "95": [""], "97": [""], "98": [""], "100": [""], "102": [""], "105": [""], "106": [""], "108": [""], "109": [""], "110": [""], "112": [""], "113": [""], "115": [""], "116": [""], "117": [""], "119": [""], "121": [""], "122": [""], "123": [""], "125": [""], "126": [""], "127": [""], "129": [""], "130": [""], "132": [""], "134": [""], "135": [""], "136": [""], "138": [""], "139": [""], "140": [""], "142": [""], "143": [""], "144": [""], "146": [""], "148": [""], "149": [""], "150": [""], "151": [""], "152": [""], "153": [""], "154": [""], "155": [""], "159": [""], "160": [""], "162": [""], "164": [""], "165": [""], "166": [""], "167": [""], "168": [""], "169": [""], "170": [""], "171": [""], "174": [""], "178": [""], "180": [""], "182": [""], "183": [""], "184": [""], "186": [""], "188": [""], "189": [""], "190": [""], "191": [""], "193": [""], "196": [""], "197": [""], "198": [""], "200": [""], "203": [""], "204": [""], "212": [""], "213": [""], "214": [""], "216": [""], "218": [""], "219": [""], "222": [""], "223": [""], "225": [""], "226": [""], "229": [""], "231": [""], "233": [""], "235": [""], "237": [""], "240": [""], "241": [""], "243": [""], "245": [""], "246": [""], "247": [""], "248": [""], "250": [""], "253": [""], "254": [""], "255": [""], "256": [""], "257": [""], "259": [""], "264": [""], "267": [""], "270": [""], "271": [""], "274": [""], "275": [""], "278": [""], "279": [""], "281": [""], "282": [""], "284": [""], "285": [""], "288": [""], "289": [""], "290": [""], "292": [""], "293": [""], "295": [""], "296": [""], "297": [""], "299": [""], "301": [""], "302": [""], "306": [""], "307": [""], "308": [""], "309": [""], "315": [""], "318": [""], "320": [""], "322": [""], "323": [""], "324": [""], "325": [""], "326": [""], "327": [""], "328": [""], "332": [""], "336": [""], "338": [""], "339": [""], "340": [""], "342": [""]}}, "CalculationEngine": {"executed_lines": [63, 65, 66, 69, 70, 71, 72, 74, 83, 84, 86, 87, 88, 89, 91, 92, 93, 97, 98, 100, 105, 106, 112, 113, 115, 116, 117, 121, 122, 123, 125, 126, 127, 129, 130, 134, 135, 136, 142, 143, 144, 148, 149, 150, 151, 152, 153, 154, 155, 159, 160, 164, 174, 178, 182, 183, 184, 193, 196, 197, 198, 200, 203, 204, 212, 213, 214, 218, 219, 222, 223, 225, 226, 229, 231, 233, 235, 237, 240, 241, 250, 253, 254, 255, 256, 257, 259, 264, 267, 270, 271, 274, 275, 278, 279, 281, 282, 284, 285, 292, 293, 295, 296, 297, 299, 301, 306, 307, 308, 309, 315], "summary": {"covered_lines": 111, "num_statements": 133, "percent_covered": 83.45864661654136, "percent_covered_display": "83.46", "missing_lines": 22, "excluded_lines": 0, "percent_statements_covered": 83.45864661654136, "percent_statements_covered_display": "83.46"}, "missing_lines": [157, 175, 176, 194, 202, 206, 207, 208, 210, 220, 221, 227, 228, 251, 260, 261, 262, 265, 268, 311, 312, 313], "excluded_lines": [], "contexts": {"1": [""], "2": [""], "3": [""], "4": [""], "5": [""], "6": [""], "8": [""], "11": [""], "12": [""], "13": [""], "15": [""], "16": [""], "17": [""], "18": [""], "20": [""], "22": [""], "23": [""], "24": [""], "25": [""], "26": [""], "27": [""], "28": [""], "29": [""], "32": [""], "33": [""], "36": [""], "37": [""], "38": [""], "39": [""], "40": [""], "41": [""], "42": [""], "43": [""], "44": [""], "48": [""], "49": [""], "50": [""], "51": [""], "52": [""], "53": [""], "54": [""], "55": [""], "58": [""], "61": [""], "63": [""], "65": [""], "66": [""], "69": [""], "70": [""], "71": [""], "72": [""], "74": [""], "76": [""], "78": [""], "79": [""], "80": [""], "81": [""], "83": [""], "84": [""], "86": [""], "87": [""], "88": [""], "89": [""], "91": [""], "92": [""], "93": [""], "95": [""], "97": [""], "98": [""], "100": [""], "102": [""], "105": [""], "106": [""], "108": [""], "109": [""], "110": [""], "112": [""], "113": [""], "115": [""], "116": [""], "117": [""], "119": [""], "121": [""], "122": [""], "123": [""], "125": [""], "126": [""], "127": [""], "129": [""], "130": [""], "132": [""], "134": [""], "135": [""], "136": [""], "138": [""], "139": [""], "140": [""], "142": [""], "143": [""], "144": [""], "146": [""], "148": [""], "149": [""], "150": [""], "151": [""], "152": [""], "153": [""], "154": [""], "155": [""], "159": [""], "160": [""], "162": [""], "164": [""], "165": [""], "166": [""], "167": [""], "168": [""], "169": [""], "170": [""], "171": [""], "174": [""], "178": [""], "180": [""], "182": [""], "183": [""], "184": [""], "186": [""], "188": [""], "189": [""], "190": [""], "191": [""], "193": [""], "196": [""], "197": [""], "198": [""], "200": [""], "203": [""], "204": [""], "212": [""], "213": [""], "214": [""], "216": [""], "218": [""], "219": [""], "222": [""], "223": [""], "225": [""], "226": [""], "229": [""], "231": [""], "233": [""], "235": [""], "237": [""], "240": [""], "241": [""], "243": [""], "245": [""], "246": [""], "247": [""], "248": [""], "250": [""], "253": [""], "254": [""], "255": [""], "256": [""], "257": [""], "259": [""], "264": [""], "267": [""], "270": [""], "271": [""], "274": [""], "275": [""], "278": [""], "279": [""], "281": [""], "282": [""], "284": [""], "285": [""], "288": [""], "289": [""], "290": [""], "292": [""], "293": [""], "295": [""], "296": [""], "297": [""], "299": [""], "301": [""], "302": [""], "306": [""], "307": [""], "308": [""], "309": [""], "315": [""], "318": [""], "320": [""], "322": [""], "323": [""], "324": [""], "325": [""], "326": [""], "327": [""], "328": [""], "332": [""], "336": [""], "338": [""], "339": [""], "340": [""], "342": [""]}}, "": {"executed_lines": [1, 2, 3, 4, 5, 6, 8, 11, 12, 13, 15, 16, 17, 18, 20, 32, 33, 36, 48, 58, 61, 76, 95, 102, 108, 119, 132, 138, 146, 162, 180, 186, 216, 243, 288, 318, 320, 322, 323, 324, 332, 336, 338, 339, 340, 342], "summary": {"covered_lines": 43, "num_statements": 45, "percent_covered": 95.55555555555556, "percent_covered_display": "95.56", "missing_lines": 2, "excluded_lines": 0, "percent_statements_covered": 95.55555555555556, "percent_statements_covered_display": "95.56"}, "missing_lines": [333, 334], "excluded_lines": [], "contexts": {"1": [""], "2": [""], "3": [""], "4": [""], "5": [""], "6": [""], "8": [""], "11": [""], "12": [""], "13": [""], "15": [""], "16": [""], "17": [""], "18": [""], "20": [""], "22": [""], "23": [""], "24": [""], "25": [""], "26": [""], "27": [""], "28": [""], "29": [""], "32": [""], "33": [""], "36": [""], "37": [""], "38": [""], "39": [""], "40": [""], "41": [""], "42": [""], "43": [""], "44": [""], "48": [""], "49": [""], "50": [""], "51": [""], "52": [""], "53": [""], "54": [""], "55": [""], "58": [""], "61": [""], "63": [""], "65": [""], "66": [""], "69": [""], "70": [""], "71": [""], "72": [""], "74": [""], "76": [""], "78": [""], "79": [""], "80": [""], "81": [""], "83": [""], "84": [""], "86": [""], "87": [""], "88": [""], "89": [""], "91": [""], "92": [""], "93": [""], "95": [""], "97": [""], "98": [""], "100": [""], "102": [""], "105": [""], "106": [""], "108": [""], "109": [""], "110": [""], "112": [""], "113": [""], "115": [""], "116": [""], "117": [""], "119": [""], "121": [""], "122": [""], "123": [""], "125": [""], "126": [""], "127": [""], "129": [""], "130": [""], "132": [""], "134": [""], "135": [""], "136": [""], "138": [""], "139": [""], "140": [""], "142": [""], "143": [""], "144": [""], "146": [""], "148": [""], "149": [""], "150": [""], "151": [""], "152": [""], "153": [""], "154": [""], "155": [""], "159": [""], "160": [""], "162": [""], "164": [""], "165": [""], "166": [""], "167": [""], "168": [""], "169": [""], "170": [""], "171": [""], "174": [""], "178": [""], "180": [""], "182": [""], "183": [""], "184": [""], "186": [""], "188": [""], "189": [""], "190": [""], "191": [""], "193": [""], "196": [""], "197": [""], "198": [""], "200": [""], "203": [""], "204": [""], "212": [""], "213": [""], "214": [""], "216": [""], "218": [""], "219": [""], "222": [""], "223": [""], "225": [""], "226": [""], "229": [""], "231": [""], "233": [""], "235": [""], "237": [""], "240": [""], "241": [""], "243": [""], "245": [""], "246": [""], "247": [""], "248": [""], "250": [""], "253": [""], "254": [""], "255": [""], "256": [""], "257": [""], "259": [""], "264": [""], "267": [""], "270": [""], "271": [""], "274": [""], "275": [""], "278": [""], "279": [""], "281": [""], "282": [""], "284": [""], "285": [""], "288": [""], "289": [""], "290": [""], "292": [""], "293": [""], "295": [""], "296": [""], "297": [""], "299": [""], "301": [""], "302": [""], "306": [""], "307": [""], "308": [""], "309": [""], "315": [""], "318": [""], "320": [""], "322": [""], "323": [""], "324": [""], "325": [""], "326": [""], "327": [""], "328": [""], "332": [""], "336": [""], "338": [""], "339": [""], "340": [""], "342": [""]}}}}, "src/domain/data_format.py": {"executed_lines": [1, 2, 3, 5, 8, 9, 10, 12, 13, 14, 15, 16, 17, 19, 21, 22, 23, 25, 26, 27, 28, 31, 32, 33, 35, 37, 39, 40, 41, 44, 45, 46, 47, 49, 51, 52, 53, 54, 56, 58, 61, 62, 64, 66, 68, 70, 73, 76, 79, 81, 83, 85, 87, 88, 89, 90, 98, 100, 102, 103, 104, 106, 107, 109, 111, 113, 115, 116, 117, 118, 119, 120, 122, 124, 126, 128, 129, 130, 132, 137, 139, 144, 145, 148, 154, 155, 157, 158, 166, 168, 169, 176, 177, 179, 186, 188, 189, 190, 192, 193, 194, 195, 203, 205, 206, 207, 209], "summary": {"covered_lines": 103, "num_statements": 116, "percent_covered": 88.79310344827586, "percent_covered_display": "88.79", "missing_lines": 13, "excluded_lines": 0, "percent_statements_covered": 88.79310344827586, "percent_statements_covered_display": "88.79"}, "missing_lines": [94, 95, 96, 133, 134, 135, 160, 161, 163, 164, 181, 182, 183], "excluded_lines": [], "contexts": {"1": [""], "2": [""], "3": [""], "5": [""], "8": [""], "9": [""], "10": [""], "12": [""], "13": [""], "14": [""], "15": [""], "16": [""], "17": [""], "19": [""], "21": [""], "22": [""], "23": [""], "25": [""], "26": [""], "27": [""], "28": [""], "31": [""], "32": [""], "33": [""], "35": [""], "37": [""], "39": [""], "40": [""], "41": [""], "44": [""], "45": [""], "46": [""], "47": [""], "49": [""], "51": [""], "52": [""], "53": [""], "54": [""], "56": [""], "58": [""], "61": [""], "62": [""], "64": [""], "66": [""], "68": [""], "70": [""], "73": [""], "76": [""], "79": [""], "81": [""], "83": [""], "85": [""], "87": [""], "88": [""], "89": [""], "90": [""], "91": [""], "92": [""], "98": [""], "100": [""], "102": [""], "103": [""], "104": [""], "106": [""], "107": [""], "109": [""], "111": [""], "113": [""], "115": [""], "116": [""], "117": [""], "118": [""], "119": [""], "120": [""], "122": [""], "124": [""], "126": [""], "128": [""], "129": [""], "130": [""], "132": [""], "137": [""], "139": [""], "140": [""], "141": [""], "144": [""], "145": [""], "148": [""], "149": [""], "150": [""], "151": [""], "154": [""], "155": [""], "157": [""], "158": [""], "166": [""], "168": [""], "169": [""], "170": [""], "171": [""], "172": [""], "173": [""], "174": [""], "176": [""], "177": [""], "179": [""], "186": [""], "188": [""], "189": [""], "190": [""], "192": [""], "193": [""], "194": [""], "195": [""], "196": [""], "197": [""], "198": [""], "199": [""], "200": [""], "201": [""], "203": [""], "205": [""], "206": [""], "207": [""], "209": [""]}, "functions": {"ColumnDefinition.__post_init__": {"executed_lines": [21, 22, 23, 25, 26, 27, 28], "summary": {"covered_lines": 7, "num_statements": 7, "percent_covered": 100.0, "percent_covered_display": "100.00", "missing_lines": 0, "excluded_lines": 0, "percent_statements_covered": 100.0, "percent_statements_covered_display": "100.00"}, "missing_lines": [], "excluded_lines": [], "contexts": {"1": [""], "2": [""], "3": [""], "5": [""], "8": [""], "9": [""], "10": [""], "12": [""], "13": [""], "14": [""], "15": [""], "16": [""], "17": [""], "19": [""], "21": [""], "22": [""], "23": [""], "25": [""], "26": [""], "27": [""], "28": [""], "31": [""], "32": [""], "33": [""], "35": [""], "37": [""], "39": [""], "40": [""], "41": [""], "44": [""], "45": [""], "46": [""], "47": [""], "49": [""], "51": [""], "52": [""], "53": [""], "54": [""], "56": [""], "58": [""], "61": [""], "62": [""], "64": [""], "66": [""], "68": [""], "70": [""], "73": [""], "76": [""], "79": [""], "81": [""], "83": [""], "85": [""], "87": [""], "88": [""], "89": [""], "90": [""], "91": [""], "92": [""], "98": [""], "100": [""], "102": [""], "103": [""], "104": [""], "106":
[...]
anager.__init__": {"executed_lines": [15, 16, 17, 18, 19, 20], "summary": {"covered_lines": 6, "num_statements": 6, "percent_covered": 100.0, "percent_covered_display": "100.00", "missing_lines": 0, "excluded_lines": 0, "percent_statements_covered": 100.0, "percent_statements_covered_display": "100.00"}, "missing_lines": [], "excluded_lines": [], "contexts": {"1": [""], "2": [""], "4": [""], "5": [""], "6": [""], "7": [""], "10": [""], "11": [""], "13": [""], "15": [""], "16": [""], "17": [""], "18": [""], "19": [""], "20": [""], "22": [""], "24": [""], "25": [""], "26": [""], "27": [""], "28": [""], "29": [""], "31": [""], "33": [""], "35": [""], "37": [""], "39": [""], "41": [""], "42": [""], "43": [""], "45": [""], "46": [""], "47": [""], "49": [""], "51": [""], "52": [""], "53": [""], "54": [""], "56": [""], "58": [""], "60": [""], "62": [""], "64": [""], "66": [""], "68": [""], "70": [""], "72": [""], "74": [""], "76": [""], "78": [""], "79": [""], "80": [""], "81": [""], "83": [""], "85": [""], "86": [""], "87": [""], "88": [""], "90": [""], "98": [""]}}, "TeamManager._load_teams_from_config": {"executed_lines": [24, 25, 26, 27, 28, 29], "summary": {"covered_lines": 6, "num_statements": 6, "percent_covered": 100.0, "percent_covered_display": "100.00", "missing_lines": 0, "excluded_lines": 0, "percent_statements_covered": 100.0, "percent_statements_covered_display": "100.00"}, "missing_lines": [], "excluded_lines": [], "contexts": {"1": [""], "2": [""], "4": [""], "5": [""], "6": [""], "7": [""], "10": [""], "11": [""], "13": [""], "15": [""], "16": [""], "17": [""], "18": [""], "19": [""], "20": [""], "22": [""], "24": [""], "25": [""], "26": [""], "27": [""], "28": [""], "29": [""], "31": [""], "33": [""], "35": [""], "37": [""], "39": [""], "41": [""], "42": [""], "43": [""], "45": [""], "46": [""], "47": [""], "49": [""], "51": [""], "52": [""], "53": [""], "54": [""], "56": [""], "58": [""], "60": [""], "62": [""], "64": [""], "66": [""], "68": [""], "70": [""], "72": [""], "74": [""], "76": [""], "78": [""], "79": [""], "80": [""], "81": [""], "83": [""], "85": [""], "86": [""], "87": [""], "88": [""], "90": [""], "98": [""]}}, "TeamManager.get_all_teams": {"executed_lines": [33], "summary": {"covered_lines": 1, "num_statements": 1, "percent_covered": 100.0, "percent_covered_display": "100.00", "missing_lines": 0, "excluded_lines": 0, "percent_statements_covered": 100.0, "percent_statements_covered_display": "100.00"}, "missing_lines": [], "excluded_lines": [], "contexts": {"1": [""], "2": [""], "4": [""], "5": [""], "6": [""], "7": [""], "10": [""], "11": [""], "13": [""], "15": [""], "16": [""], "17": [""], "18": [""], "19": [""], "20": [""], "22": [""], "24": [""], "25": [""], "26": [""], "27": [""], "28": [""], "29": [""], "31": [""], "33": [""], "35": [""], "37": [""], "39": [""], "41": [""], "42": [""], "43": [""], "45": [""], "46": [""], "47": [""], "49": [""], "51": [""], "52": [""], "53": [""], "54": [""], "56": [""], "58": [""], "60": [""], "62": [""], "64": [""], "66": [""], "68": [""], "70": [""], "72": [""], "74": [""], "76": [""], "78": [""], "79": [""], "80": [""], "81": [""], "83": [""], "85": [""], "86": [""], "87": [""], "88": [""], "90": [""], "98": [""]}}, "TeamManager.get_team": {"executed_lines": [37], "summary": {"covered_lines": 1, "num_statements": 1, "percent_covered": 100.0, "percent_covered_display": "100.00", "missing_lines": 0, "excluded_lines": 0, "percent_statements_covered": 100.0, "percent_statements_covered_display": "100.00"}, "missing_lines": [], "excluded_lines": [], "contexts": {"1": [""], "2": [""], "4": [""], "5": [""], "6": [""], "7": [""], "10": [""], "11": [""], "13": [""], "15": [""], "16": [""], "17": [""], "18": [""], "19": [""], "20": [""], "22": [""], "24": [""], "25": [""], "26": [""], "27": [""], "28": [""], "29": [""], "31": [""], "33": [""], "35": [""], "37": [""], "39": [""], "41": [""], "42": [""], "43": [""], "45": [""], "46": [""], "47": [""], "49": [""], "51": [""], "52": [""], "53": [""], "54": [""], "56": [""], "58": [""], "60": [""], "62": [""], "64": [""], "66": [""], "68": [""], "70": [""], "72": [""], "74": [""], "76": [""], "78": [""], "79": [""], "80": [""], "81": [""], "83": [""], "85": [""], "86": [""], "87": [""], "88": [""], "90": [""], "98": [""]}}, "TeamManager.create_team": {"executed_lines": [41, 42, 43, 45, 46, 47], "summary": {"covered_lines": 6, "num_statements": 6, "percent_covered": 100.0, "percent_covered_display": "100.00", "missing_lines": 0, "excluded_lines": 0, "percent_statements_covered": 100.0, "percent_statements_covered_display": "100.00"}, "missing_lines": [], "excluded_lines": [], "contexts": {"1": [""], "2": [""], "4": [""], "5": [""], "6": [""], "7": [""], "10": [""], "11": [""], "13": [""], "15": [""], "16": [""], "17": [""], "18": [""], "19": [""], "20": [""], "22": [""], "24": [""], "25": [""], "26": [""], "27": [""], "28": [""], "29": [""], "31": [""], "33": [""], "35": [""], "37": [""], "39": [""], "41": [""], "42": [""], "43": [""], "45": [""], "46": [""], "47": [""], "49": [""], "51": [""], "52": [""], "53": [""], "54": [""], "56": [""], "58": [""], "60": [""], "62": [""], "64": [""], "66": [""], "68": [""], "70": [""], "72": [""], "74": [""], "76": [""], "78": [""], "79": [""], "80": [""], "81": [""], "83": [""], "85": [""], "86": [""], "87": [""], "88": [""], "90": [""], "98": [""]}}, "TeamManager.delete_team": {"executed_lines": [51, 52, 53, 54], "summary": {"covered_lines": 4, "num_statements": 4, "percent_covered": 100.0, "percent_covered_display": "100.00", "missing_lines": 0, "excluded_lines": 0, "percent_statements_covered": 100.0, "percent_statements_covered_display": "100.00"}, "missing_lines": [], "excluded_lines": [], "contexts": {"1": [""], "2": [""], "4": [""], "5": [""], "6": [""], "7": [""], "10": [""], "11": [""], "13": [""], "15": [""], "16": [""], "17": [""], "18": [""], "19": [""], "20": [""], "22": [""], "24": [""], "25": [""], "26": [""], "27": [""], "28": [""], "29": [""], "31": [""], "33": [""], "35": [""], "37": [""], "39": [""], "41": [""], "42": [""], "43": [""], "45": [""], "46": [""], "47": [""], "49": [""], "51": [""], "52": [""], "53": [""], "54": [""], "56": [""], "58": [""], "60": [""], "62": [""], "64": [""], "66": [""], "68": [""], "70": [""], "72": [""], "74": [""], "76": [""], "78": [""], "79": [""], "80": [""], "81": [""], "83": [""], "85": [""], "86": [""], "87": [""], "88": [""], "90": [""], "98": [""]}}, "TeamManager.team_exists": {"executed_lines": [58], "summary": {"covered_lines": 1, "num_statements": 1, "percent_covered": 100.0, "percent_covered_display": "100.00", "missing_lines": 0, "excluded_lines": 0, "percent_statements_covered": 100.0, "percent_statements_covered_display": "100.00"}, "missing_lines": [], "excluded_lines": [], "contexts": {"1": [""], "2": [""], "4": [""], "5": [""], "6": [""], "7": [""], "10": [""], "11": [""], "13": [""], "15": [""], "16": [""], "17": [""], "18": [""], "19": [""], "20": [""], "22": [""], "24": [""], "25": [""], "26": [""], "27": [""], "28": [""], "29": [""], "31": [""], "33": [""], "35": [""], "37": [""], "39": [""], "41": [""], "42": [""], "43": [""], "45": [""], "46": [""], "47": [""], "49": [""], "51": [""], "52": [""], "53": [""], "54": [""], "56": [""], "58": [""], "60": [""], "62": [""], "64": [""], "66": [""], "68": [""], "70": [""], "72": [""], "74": [""], "76": [""], "78": [""], "79": [""], "80": [""], "81": [""], "83": [""], "85": [""], "86": [""], "87": [""], "88": [""], "90": [""], "98": [""]}}, "TeamManager.get_team_count": {"executed_lines": [62], "summary": {"covered_lines": 1, "num_statements": 1, "percent_covered": 100.0, "percent_covered_display": "100.00", "missing_lines": 0, "excluded_lines": 0, "percent_statements_covered": 100.0, "percent_statements_covered_display": "100.00"}, "missing_lines": [], "excluded_lines": [], "contexts": {"1": [""], "2": [""], "4": [""], "5": [""], "6": [""], "7": [""], "10": [""], "11": [""], "13": [""], "15": [""], "16": [""], "17": [""], "18": [""], "19": [""], "20": [""], "22": [""], "24": [""], "25": [""], "26": [""], "27": [""], "28": [""], "29": [""], "31": [""], "33": [""], "35": [""], "37": [""], "39": [""], "41": [""], "42": [""], "43": [""], "45": [""], "46": [""], "47": [""], "49": [""], "51": [""], "52": [""], "53": [""], "54": [""], "56": [""], "58": [""], "60": [""], "62": [""], "64": [""], "66": [""], "68": [""], "70": [""], "72": [""], "74": [""], "76": [""], "78": [""], "79": [""], "80": [""], "81": [""], "83": [""], "85": [""], "86": [""], "87": [""], "88": [""], "90": [""], "98": [""]}}, "TeamManager.get_config_error": {"executed_lines": [66], "summary": {"covered_lines": 1, "num_statements": 1, "percent_covered": 100.0, "percent_covered_display": "100.00", "missing_lines": 0, "excluded_lines": 0, "percent_statements_covered": 100.0, "percent_statements_covered_display": "100.00"}, "missing_lines": [], "excluded_lines": [], "contexts": {"1": [""], "2": [""], "4": [""], "5": [""], "6": [""], "7": [""], "10": [""], "11": [""], "13": [""], "15": [""], "16": [""], "17": [""], "18": [""], "19": [""], "20": [""], "22": [""], "24": [""], "25": [""], "26": [""], "27": [""], "28": [""], "29": [""], "31": [""], "33": [""], "35": [""], "37": [""], "39": [""], "41": [""], "42": [""], "43": [""], "45": [""], "46": [""], "47": [""], "49": [""], "51": [""], "52": [""], "53": [""], "54": [""], "56": [""], "58": [""], "60": [""], "62": [""], "64": [""], "66": [""], "68": [""], "70": [""], "72": [""], "74": [""], "76": [""], "78": [""], "79": [""], "80": [""], "81": [""], "83": [""], "85": [""], "86": [""], "87": [""], "88": [""], "90": [""], "98": [""]}}, "TeamManager.has_config_error": {"executed_lines": [70], "summary": {"covered_lines": 1, "num_statements": 1, "percent_covered": 100.0, "percent_covered_display": "100.00", "missing_lines": 0, "excluded_lines": 0, "percent_statements_covered": 100.0, "percent_statements_covered_display": "100.00"}, "missing_lines": [], "excluded_lines": [], "contexts": {"1": [""], "2": [""], "4": [""], "5": [""], "6": [""], "7": [""], "10": [""], "11": [""], "13": [""], "15": [""], "16": [""], "17": [""], "18": [""], "19": [""], "20": [""], "22": [""], "24": [""], "25": [""], "26": [""], "27": [""], "28": [""], "29": [""], "31": [""], "33": [""], "35": [""], "37": [""], "39": [""], "41": [""], "42": [""], "43": [""], "45": [""], "46": [""], "47": [""], "49": [""], "51": [""], "52": [""], "53": [""], "54": [""], "56": [""], "58": [""], "60": [""], "62": [""], "64": [""], "66": [""], "68": [""], "70": [""], "72": [""], "74": [""], "76": [""], "78": [""], "79": [""], "80": [""], "81": [""], "83": [""], "85": [""], "86": [""], "87": [""], "88": [""], "90": [""], "98": [""]}}, "TeamManager.reload_config": {"executed_lines": [74], "summary": {"covered_lines": 1, "num_statements": 1, "percent_covered": 100.0, "percent_covered_display": "100.00", "missing_lines": 0, "excluded_lines": 0, "percent_statements_covered": 100.0, "percent_statements_covered_display": "100.00"}, "missing_lines": [], "excluded_lines": [], "contexts": {"1": [""], "2": [""], "4": [""], "5": [""], "6": [""], "7": [""], "10": [""], "11": [""], "13": [""], "15": [""], "16": [""], "17": [""], "18": [""], "19": [""], "20": [""], "22": [""], "24": [""], "25": [""], "26": [""], "27": [""], "28": [""], "29": [""], "31": [""], "33": [""], "35": [""], "37": [""], "39": [""], "41": [""], "42": [""], "43": [""], "45": [""], "46": [""], "47": [""], "49": [""], "51": [""], "52": [""], "53": [""], "54": [""], "56": [""], "58": [""], "60": [""], "62": [""], "64": [""], "66": [""], "68": [""], "70": [""], "72": [""], "74": [""], "76": [""], "78": [""], "79": [""], "80": [""], "81": [""], "83": [""], "85": [""], "86": [""], "87": [""], "88": [""], "90": [""], "98": [""]}}, "TeamManager.get_team_data_format": {"executed_lines": [78, 79, 80, 81], "summary": {"covered_lines": 4, "num_statements": 4, "percent_covered": 100.0, "percent_covered_display": "100.00", "missing_lines": 0, "excluded_lines": 0, "percent_statements_covered": 100.0, "percent_statements_covered_display": "100.00"}, "missing_lines": [], "excluded_lines": [], "contexts": {"1": [""], "2": [""], "4": [""], "5": [""], "6": [""], "7": [""], "10": [""], "11": [""], "13": [""], "15": [""], "16": [""], "17": [""], "18": [""], "19": [""], "20": [""], "22": [""], "24": [""], "25": [""], "26": [""], "27": [""], "28": [""], "29": [""], "31": [""], "33": [""], "35": [""], "37": [""], "39": [""], "41": [""], "42": [""], "43": [""], "45": [""], "46": [""], "47": [""], "49": [""], "51": [""], "52": [""], "53": [""], "54": [""], "56": [""], "58": [""], "60": [""], "62": [""], "64": [""], "66": [""], "68": [""], "70": [""], "72": [""], "74": [""], "76": [""], "78": [""], "79": [""], "80": [""], "81": [""], "83": [""], "85": [""], "86": [""], "87": [""], "88": [""], "90": [""], "98": [""]}}, "TeamManager.get_team_calculation_rules": {"executed_lines": [85, 86, 87, 88], "summary": {"covered_lines": 4, "num_statements": 4, "percent_covered": 100.0, "percent_covered_display": "100.00", "missing_lines": 0, "excluded_lines": 0, "percent_statements_covered": 100.0, "percent_statements_covered_display": "100.00"}, "missing_lines": [], "excluded_lines": [], "contexts": {"1": [""], "2": [""], "4": [""], "5": [""], "6": [""], "7": [""], "10": [""], "11": [""], "13": [""], "15": [""], "16": [""], "17": [""], "18": [""], "19": [""], "20": [""], "22": [""], "24": [""], "25": [""], "26": [""], "27": [""], "28": [""], "29": [""], "31": [""], "33": [""], "35": [""], "37": [""], "39": [""], "41": [""], "42": [""], "43": [""], "45": [""], "46": [""], "47": [""], "49": [""], "51": [""], "52": [""], "53": [""], "54": [""], "56": [""], "58": [""], "60": [""], "62": [""], "64": [""], "66": [""], "68": [""], "70": [""], "72": [""], "74": [""], "76": [""], "78": [""], "79": [""], "80": [""], "81": [""], "83": [""], "85": [""], "86": [""], "87": [""], "88": [""], "90": [""], "98": [""]}}, "TeamManager.load_team_data": {"executed_lines": [], "summary": {"covered_lines": 0, "num_statements": 5, "percent_covered": 0.0, "percent_covered_display": "0.00", "missing_lines": 5, "excluded_lines": 0, "percent_statements_covered": 0.0, "percent_statements_covered_display": "0.00"}, "missing_lines": [92, 93, 94, 95, 96], "excluded_lines": [], "contexts": {"1": [""], "2": [""], "4": [""], "5": [""], "6": [""], "7": [""], "10": [""], "11": [""], "13": [""], "15": [""], "16": [""], "17": [""], "18": [""], "19": [""], "20": [""], "22": [""], "24": [""], "25": [""], "26": [""], "27": [""], "28": [""], "29": [""], "31": [""], "33": [""], "35": [""], "37": [""], "39": [""], "41": [""], "42": [""], "43": [""], "45": [""], "46": [""], "47": [""], "49": [""], "51": [""], "52": [""], "53": [""], "54": [""], "56": [""], "58": [""], "60": [""], "62": [""], "64": [""], "66": [""], "68": [""], "70": [""], "72": [""], "74": [""], "76": [""], "78": [""], "79": [""], "80": [""], "81": [""], "83": [""], "85": [""], "86": [""], "87": [""], "88": [""], "90": [""], "98": [""]}}, "TeamManager.compute_with_rules": {"executed_lines": [], "summary": {"covered_lines": 0, "num_statements": 7, "percent_covered": 0.0, "percent_covered_display": "0.00", "missing_lines": 7, "excluded_lines": 0, "percent_statements_covered": 0.0, "percent_statements_covered_display": "0.00"}, "missing_lines": [100, 101, 102, 103, 104, 105, 106], "excluded_lines": [], "contexts": {"1": [""], "2": [""], "4": [""], "5": [""], "6": [""], "7": [""], "10": [""], "11": [""], "13": [""], "15": [""], "16": [""], "17": [""], "18": [""], "19": [""], "20": [""], "22": [""], "24": [""], "25": [""], "26": [""], "27": [""], "28": [""], "29": [""], "31": [""], "33": [""], "35": [""], "37": [""], "39": [""], "41": [""], "42": [""], "43": [""], "45": [""], "46": [""], "47": [""], "49": [""], "51": [""], "52": [""], "53": [""], "54": [""], "56": [""], "58": [""], "60": [""], "62": [""], "64": [""], "66": [""], "68": [""], "70": [""], "72": [""], "74": [""], "76": [""], "78": [""], "79": [""], "80": [""], "81": [""], "83": [""], "85": [""], "86": [""], "87": [""], "88": [""], "90": [""], "98": [""]}}, "": {"executed_lines": [1, 2, 4, 5, 6, 7, 10, 11, 13, 22, 31, 35, 39, 49, 56, 60, 64, 68, 72, 76, 83, 90, 98], "summary": {"covered_lines": 21, "num_statements": 21, "percent_covered": 100.0, "percent_covered_display": "100.00", "missing_lines": 0, "excluded_lines": 0, "percent_statements_covered": 100.0, "percent_statements_covered_display": "100.00"}, "missing_lines": [], "excluded_lines": [], "contexts": {"1": [""], "2": [""], "4": [""], "5": [""], "6": [""], "7": [""], "10": [""], "11": [""], "13": [""], "15": [""], "16": [""], "17": [""], "18": [""], "19": [""], "20": [""], "22": [""], "24": [""], "25": [""], "26": [""], "27": [""], "28": [""], "29": [""], "31": [""], "33": [""], "35": [""], "37": [""], "39": [""], "41": [""], "42": [""], "43": [""], "45": [""], "46": [""], "47": [""], "49": [""], "51": [""], "52": [""], "53": [""], "54": [""], "56": [""], "58": [""], "60": [""], "62": [""], "64": [""], "66": [""], "68": [""], "70": [""], "72": [""], "74": [""], "76": [""], "78": [""], "79": [""], "80": [""], "81": [""], "83": [""], "85": [""], "86": [""], "87": [""], "88": [""], "90": [""], "98": [""]}}}, "classes": {"TeamManager": {"executed_lines": [15, 16, 17, 18, 19, 20, 24, 25, 26, 27, 28, 29, 33, 37, 41, 42, 43, 45, 46, 47, 51, 52, 53, 54, 58, 62, 66, 70, 74, 78, 79, 80, 81, 85, 86, 87, 88], "summary": {"covered_lines": 37, "num_statements": 49, "percent_covered": 75.51020408163265, "percent_covered_display": "75.51", "missing_lines": 12, "excluded_lines": 0, "percent_statements_covered": 75.51020408163265, "percent_statements_covered_display": "75.51"}, "missing_lines": [92, 93, 94, 95, 96, 100, 101, 102, 103, 104, 105, 106], "excluded_lines": [], "contexts": {"1": [""], "2": [""], "4": [""], "5": [""], "6": [""], "7": [""], "10": [""], "11": [""], "13": [""], "15": [""], "16": [""], "17": [""], "18": [""], "19": [""], "20": [""], "22": [""], "24": [""], "25": [""], "26": [""], "27": [""], "28": [""], "29": [""], "31": [""], "33": [""], "35": [""], "37": [""], "39": [""], "41": [""], "42": [""], "43": [""], "45": [""], "46": [""], "47": [""], "49": [""], "51": [""], "52": [""], "53": [""], "54": [""], "56": [""], "58": [""], "60": [""], "62": [""], "64": [""], "66": [""], "68": [""], "70": [""], "72": [""], "74": [""], "76": [""], "78": [""], "79": [""], "80": [""], "81": [""], "83": [""], "85": [""], "86": [""], "87": [""], "88": [""], "90": [""], "98": [""]}}, "": {"executed_lines": [1, 2, 4, 5, 6, 7, 10, 11, 13, 22, 31, 35, 39, 49, 56, 60, 64, 68, 72, 76, 83, 90, 98], "summary": {"covered_lines": 21, "num_statements": 21, "percent_covered": 100.0, "percent_covered_display": "100.00", "missing_lines": 0, "excluded_lines": 0, "percent_statements_covered": 100.0, "percent_statements_covered_display": "100.00"}, "missing_lines": [], "excluded_lines": [], "contexts": {"1": [""], "2": [""], "4": [""], "5": [""], "6": [""], "7": [""], "10": [""], "11": [""], "13": [""], "15": [""], "16": [""], "17": [""], "18": [""], "19": [""], "20": [""], "22": [""], "24": [""], "25": [""], "26": [""], "27": [""], "28": [""], "29": [""], "31": [""], "33": [""], "35": [""], "37": [""], "39": [""], "41": [""], "42": [""], "43": [""], "45": [""], "46": [""], "47": [""], "49": [""], "51": [""], "52": [""], "53": [""], "54": [""], "56": [""], "58": [""], "60": [""], "62": [""], "64": [""], "66": [""], "68": [""], "70": [""], "72": [""], "74": [""], "76": [""], "78": [""], "79": [""], "80": [""], "81": [""], "83": [""], "85": [""], "86": [""], "87": [""], "88": [""], "90": [""], "98": [""]}}}}}, "totals": {"covered_lines": 532, "num_statements": 595, "percent_covered": 89.41176470588235, "percent_covered_display": "89.41", "missing_lines": 63, "excluded_lines": 0, "percent_statements_covered": 89.41176470588235, "percent_statements_covered_display": "89.41"}}